2024-10-24 14:59:11 | INFO |    OS: Windows
2024-10-24 14:59:11 | INFO |    precision is 16
2024-10-24 14:59:11 | INFO |    Scaling output.
2024-10-24 14:59:11 | INFO |    Dava validation method: kfold.
2024-10-24 14:59:11 | INFO |    Num of fold: 2
2024-10-24 14:59:11 | INFO |    A new study created in memory with name: no-name-3a925018-be0b-4780-9964-33cf335be798
2024-10-24 14:59:38 | INFO |    Trial 0 finished with value: 0.00948095094004868 and parameters: {'learning_rate': 0.0013292918943162175, 'n_conv_hidden_layer': 5, 'n_dense_hidden_layer': 4, 'n_graph_dim': 5, 'n_dense_dim': 3, 'drop_rate': 0.0}. Best is trial 0 with value: 0.00948095094004868.
2024-10-24 15:00:05 | INFO |    Trial 1 finished with value: 0.024545487231444417 and parameters: {'learning_rate': 0.00014936568554617635, 'n_conv_hidden_layer': 5, 'n_dense_hidden_layer': 4, 'n_graph_dim': 6, 'n_dense_dim': 3, 'drop_rate': 0.3}. Best is trial 0 with value: 0.00948095094004868.
2024-10-24 15:00:27 | INFO |    Trial 2 finished with value: 0.005884761361279359 and parameters: {'learning_rate': 0.03142880890840111, 'n_conv_hidden_layer': 2, 'n_dense_hidden_layer': 1, 'n_graph_dim': 3, 'n_dense_dim': 4, 'drop_rate': 0.2}. Best is trial 2 with value: 0.005884761361279359.
2024-10-24 15:00:49 | INFO |    Trial 3 finished with value: 0.00994267486387039 and parameters: {'learning_rate': 0.0019762189340280074, 'n_conv_hidden_layer': 2, 'n_dense_hidden_layer': 4, 'n_graph_dim': 3, 'n_dense_dim': 4, 'drop_rate': 0.1}. Best is trial 2 with value: 0.005884761361279359.
2024-10-24 15:01:13 | INFO |    Trial 4 finished with value: 0.00593006440005356 and parameters: {'learning_rate': 0.0023345864076016252, 'n_conv_hidden_layer': 4, 'n_dense_hidden_layer': 1, 'n_graph_dim': 5, 'n_dense_dim': 5, 'drop_rate': 0.0}. Best is trial 2 with value: 0.005884761361279359.
2024-10-24 15:01:33 | INFO |    Trial 5 finished with value: 0.008708255946041693 and parameters: {'learning_rate': 0.006647135865318032, 'n_conv_hidden_layer': 1, 'n_dense_hidden_layer': 1, 'n_graph_dim': 7, 'n_dense_dim': 7, 'drop_rate': 0.3}. Best is trial 2 with value: 0.005884761361279359.
2024-10-24 15:01:54 | INFO |    Trial 6 finished with value: 0.012294865342659634 and parameters: {'learning_rate': 0.0008200518402245837, 'n_conv_hidden_layer': 1, 'n_dense_hidden_layer': 4, 'n_graph_dim': 5, 'n_dense_dim': 3, 'drop_rate': 0.1}. Best is trial 2 with value: 0.005884761361279359.
2024-10-24 15:02:21 | INFO |    Trial 7 finished with value: 0.015771260568469017 and parameters: {'learning_rate': 0.00012681352169084607, 'n_conv_hidden_layer': 5, 'n_dense_hidden_layer': 2, 'n_graph_dim': 6, 'n_dense_dim': 4, 'drop_rate': 0.2}. Best is trial 2 with value: 0.005884761361279359.
2024-10-24 15:02:42 | INFO |    Trial 8 finished with value: 0.00862088081637279 and parameters: {'learning_rate': 0.004366473592979638, 'n_conv_hidden_layer': 1, 'n_dense_hidden_layer': 5, 'n_graph_dim': 6, 'n_dense_dim': 7, 'drop_rate': 0.3}. Best is trial 2 with value: 0.005884761361279359.
2024-10-24 15:03:07 | INFO |    Trial 9 finished with value: 0.006533570686921967 and parameters: {'learning_rate': 0.00621870472776908, 'n_conv_hidden_layer': 5, 'n_dense_hidden_layer': 1, 'n_graph_dim': 3, 'n_dense_dim': 3, 'drop_rate': 0.1}. Best is trial 2 with value: 0.005884761361279359.
2024-10-24 15:03:30 | INFO |    Trial 10 finished with value: 0.011784099863038171 and parameters: {'learning_rate': 0.001465655388622534, 'n_conv_hidden_layer': 2, 'n_dense_hidden_layer': 5, 'n_graph_dim': 4, 'n_dense_dim': 4, 'drop_rate': 0.2}. Best is trial 2 with value: 0.005884761361279359.
2024-10-24 15:03:56 | INFO |    Trial 11 finished with value: 0.007427232558647521 and parameters: {'learning_rate': 0.00026471141828218194, 'n_conv_hidden_layer': 5, 'n_dense_hidden_layer': 1, 'n_graph_dim': 7, 'n_dense_dim': 6, 'drop_rate': 0.0}. Best is trial 2 with value: 0.005884761361279359.
2024-10-24 15:04:23 | INFO |    Trial 12 finished with value: 0.014292640175591124 and parameters: {'learning_rate': 0.00010388823104027947, 'n_conv_hidden_layer': 5, 'n_dense_hidden_layer': 4, 'n_graph_dim': 6, 'n_dense_dim': 6, 'drop_rate': 0.0}. Best is trial 2 with value: 0.005884761361279359.
2024-10-24 15:04:44 | INFO |    Trial 13 finished with value: 0.008427057065058658 and parameters: {'learning_rate': 0.0011895896737553553, 'n_conv_hidden_layer': 1, 'n_dense_hidden_layer': 5, 'n_graph_dim': 6, 'n_dense_dim': 4, 'drop_rate': 0.0}. Best is trial 2 with value: 0.005884761361279359.
2024-10-24 15:05:06 | INFO |    Trial 14 finished with value: 0.009795008318253803 and parameters: {'learning_rate': 0.0008569331925053991, 'n_conv_hidden_layer': 2, 'n_dense_hidden_layer': 4, 'n_graph_dim': 6, 'n_dense_dim': 7, 'drop_rate': 0.1}. Best is trial 2 with value: 0.005884761361279359.
2024-10-24 15:05:31 | INFO |    Trial 15 finished with value: 0.013715288874492984 and parameters: {'learning_rate': 0.00022844556850020554, 'n_conv_hidden_layer': 4, 'n_dense_hidden_layer': 4, 'n_graph_dim': 5, 'n_dense_dim': 6, 'drop_rate': 0.1}. Best is trial 2 with value: 0.005884761361279359.
2024-10-24 15:05:54 | INFO |    Trial 16 finished with value: 0.007065693145334546 and parameters: {'learning_rate': 0.0036999724314638123, 'n_conv_hidden_layer': 3, 'n_dense_hidden_layer': 1, 'n_graph_dim': 3, 'n_dense_dim': 3, 'drop_rate': 0.2}. Best is trial 2 with value: 0.005884761361279359.
2024-10-24 15:06:18 | INFO |    Trial 17 finished with value: 0.01385681615378765 and parameters: {'learning_rate': 0.0008771380343280567, 'n_conv_hidden_layer': 3, 'n_dense_hidden_layer': 5, 'n_graph_dim': 4, 'n_dense_dim': 5, 'drop_rate': 0.3}. Best is trial 2 with value: 0.005884761361279359.
2024-10-24 15:06:39 | INFO |    Trial 18 finished with value: 0.010987335342837405 and parameters: {'learning_rate': 0.000485729517921717, 'n_conv_hidden_layer': 1, 'n_dense_hidden_layer': 2, 'n_graph_dim': 3, 'n_dense_dim': 7, 'drop_rate': 0.3}. Best is trial 2 with value: 0.005884761361279359.
2024-10-24 15:07:06 | INFO |    Trial 19 finished with value: 0.010605451008119871 and parameters: {'learning_rate': 0.007947147424653748, 'n_conv_hidden_layer': 5, 'n_dense_hidden_layer': 5, 'n_graph_dim': 3, 'n_dense_dim': 7, 'drop_rate': 0.2}. Best is trial 2 with value: 0.005884761361279359.
2024-10-24 15:07:32 | INFO |    Trial 20 finished with value: 0.013130328580063064 and parameters: {'learning_rate': 0.026443593078398657, 'n_conv_hidden_layer': 5, 'n_dense_hidden_layer': 2, 'n_graph_dim': 3, 'n_dense_dim': 4, 'drop_rate': 0.1}. Best is trial 2 with value: 0.005884761361279359.
2024-10-24 15:07:58 | INFO |    Trial 21 finished with value: 0.008126661992363143 and parameters: {'learning_rate': 0.028447512555118206, 'n_conv_hidden_layer': 5, 'n_dense_hidden_layer': 1, 'n_graph_dim': 5, 'n_dense_dim': 5, 'drop_rate': 0.0}. Best is trial 2 with value: 0.005884761361279359.
2024-10-24 15:08:21 | INFO |    Trial 22 finished with value: 0.018491671994719485 and parameters: {'learning_rate': 0.0002288738114460098, 'n_conv_hidden_layer': 2, 'n_dense_hidden_layer': 5, 'n_graph_dim': 4, 'n_dense_dim': 5, 'drop_rate': 0.2}. Best is trial 2 with value: 0.005884761361279359.
2024-10-24 15:08:47 | INFO |    Trial 23 finished with value: 0.012101445839630944 and parameters: {'learning_rate': 0.0012327891605450798, 'n_conv_hidden_layer': 5, 'n_dense_hidden_layer': 5, 'n_graph_dim': 4, 'n_dense_dim': 5, 'drop_rate': 0.1}. Best is trial 2 with value: 0.005884761361279359.
2024-10-24 15:09:08 | INFO |    Trial 24 finished with value: 0.012586122047797188 and parameters: {'learning_rate': 0.000715354779469316, 'n_conv_hidden_layer': 1, 'n_dense_hidden_layer': 4, 'n_graph_dim': 5, 'n_dense_dim': 3, 'drop_rate': 0.1}. Best is trial 2 with value: 0.005884761361279359.
2024-10-24 15:09:30 | INFO |    Trial 25 finished with value: 0.009198749597618175 and parameters: {'learning_rate': 0.05306371575220848, 'n_conv_hidden_layer': 2, 'n_dense_hidden_layer': 1, 'n_graph_dim': 5, 'n_dense_dim': 7, 'drop_rate': 0.0}. Best is trial 2 with value: 0.005884761361279359.
2024-10-24 15:09:55 | INFO |    Trial 26 finished with value: 0.007006918704043614 and parameters: {'learning_rate': 0.010385003379927421, 'n_conv_hidden_layer': 4, 'n_dense_hidden_layer': 2, 'n_graph_dim': 6, 'n_dense_dim': 4, 'drop_rate': 0.2}. Best is trial 2 with value: 0.005884761361279359.
2024-10-24 15:10:18 | INFO |    Trial 27 finished with value: 0.005858498543395031 and parameters: {'learning_rate': 0.007954064937683933, 'n_conv_hidden_layer': 3, 'n_dense_hidden_layer': 1, 'n_graph_dim': 7, 'n_dense_dim': 4, 'drop_rate': 0.0}. Best is trial 27 with value: 0.005858498543395031.
2024-10-24 15:10:41 | INFO |    Trial 28 finished with value: 0.014288103811929624 and parameters: {'learning_rate': 0.0001325334260006654, 'n_conv_hidden_layer': 3, 'n_dense_hidden_layer': 4, 'n_graph_dim': 3, 'n_dense_dim': 5, 'drop_rate': 0.0}. Best is trial 27 with value: 0.005858498543395031.
2024-10-24 15:11:02 | INFO |    Trial 29 finished with value: 0.006224065059401302 and parameters: {'learning_rate': 0.008620220426018047, 'n_conv_hidden_layer': 1, 'n_dense_hidden_layer': 4, 'n_graph_dim': 4, 'n_dense_dim': 7, 'drop_rate': 0.0}. Best is trial 27 with value: 0.005858498543395031.
2024-10-24 15:11:22 | INFO |    Trial 30 finished with value: 0.012545035141911258 and parameters: {'learning_rate': 0.0010548702714918063, 'n_conv_hidden_layer': 1, 'n_dense_hidden_layer': 5, 'n_graph_dim': 7, 'n_dense_dim': 4, 'drop_rate': 0.2}. Best is trial 27 with value: 0.005858498543395031.
2024-10-24 15:11:45 | INFO |    Trial 31 finished with value: 0.010667879414025744 and parameters: {'learning_rate': 0.028292192255361892, 'n_conv_hidden_layer': 3, 'n_dense_hidden_layer': 3, 'n_graph_dim': 4, 'n_dense_dim': 3, 'drop_rate': 0.3}. Best is trial 27 with value: 0.005858498543395031.
2024-10-24 15:12:09 | INFO |    Trial 32 finished with value: 0.011025974761564994 and parameters: {'learning_rate': 0.05026366723161423, 'n_conv_hidden_layer': 4, 'n_dense_hidden_layer': 2, 'n_graph_dim': 4, 'n_dense_dim': 6, 'drop_rate': 0.3}. Best is trial 27 with value: 0.005858498543395031.
2024-10-24 15:12:33 | INFO |    Trial 33 finished with value: 0.013894298768163317 and parameters: {'learning_rate': 0.04584154780136381, 'n_conv_hidden_layer': 4, 'n_dense_hidden_layer': 4, 'n_graph_dim': 3, 'n_dense_dim': 3, 'drop_rate': 0.3}. Best is trial 27 with value: 0.005858498543395031.
2024-10-24 15:12:53 | INFO |    Trial 34 finished with value: 0.005424294221270661 and parameters: {'learning_rate': 0.006596099207886099, 'n_conv_hidden_layer': 1, 'n_dense_hidden_layer': 1, 'n_graph_dim': 6, 'n_dense_dim': 3, 'drop_rate': 0.0}. Best is trial 34 with value: 0.005424294221270661.
2024-10-24 15:13:17 | INFO |    Trial 35 finished with value: 0.009202436141135178 and parameters: {'learning_rate': 0.004427936336500092, 'n_conv_hidden_layer': 4, 'n_dense_hidden_layer': 4, 'n_graph_dim': 4, 'n_dense_dim': 6, 'drop_rate': 0.0}. Best is trial 34 with value: 0.005424294221270661.
2024-10-24 15:13:41 | INFO |    Trial 36 finished with value: 0.008589169413082489 and parameters: {'learning_rate': 0.0009466710461838319, 'n_conv_hidden_layer': 4, 'n_dense_hidden_layer': 4, 'n_graph_dim': 7, 'n_dense_dim': 6, 'drop_rate': 0.2}. Best is trial 34 with value: 0.005424294221270661.
2024-10-24 15:14:02 | INFO |    Trial 37 finished with value: 0.013164805438037809 and parameters: {'learning_rate': 0.000190996013855054, 'n_conv_hidden_layer': 2, 'n_dense_hidden_layer': 2, 'n_graph_dim': 4, 'n_dense_dim': 7, 'drop_rate': 0.1}. Best is trial 34 with value: 0.005424294221270661.
2024-10-24 15:14:27 | INFO |    Trial 38 finished with value: 0.009197962615315297 and parameters: {'learning_rate': 0.047439452210589754, 'n_conv_hidden_layer': 4, 'n_dense_hidden_layer': 4, 'n_graph_dim': 5, 'n_dense_dim': 5, 'drop_rate': 0.1}. Best is trial 34 with value: 0.005424294221270661.
2024-10-24 15:14:51 | INFO |    Trial 39 finished with value: 0.011112336899770685 and parameters: {'learning_rate': 0.0003852378615162035, 'n_conv_hidden_layer': 4, 'n_dense_hidden_layer': 2, 'n_graph_dim': 3, 'n_dense_dim': 6, 'drop_rate': 0.0}. Best is trial 34 with value: 0.005424294221270661.
2024-10-24 15:15:16 | INFO |    Trial 40 finished with value: 0.015558502763514231 and parameters: {'learning_rate': 0.06627897035983009, 'n_conv_hidden_layer': 5, 'n_dense_hidden_layer': 5, 'n_graph_dim': 4, 'n_dense_dim': 3, 'drop_rate': 0.3}. Best is trial 34 with value: 0.005424294221270661.
2024-10-24 15:15:43 | INFO |    Trial 41 finished with value: 0.010313686145116605 and parameters: {'learning_rate': 0.0019255395572015624, 'n_conv_hidden_layer': 5, 'n_dense_hidden_layer': 5, 'n_graph_dim': 7, 'n_dense_dim': 4, 'drop_rate': 0.1}. Best is trial 34 with value: 0.005424294221270661.
2024-10-24 15:16:04 | INFO |    Trial 42 finished with value: 0.007458377414326816 and parameters: {'learning_rate': 0.03576102963485507, 'n_conv_hidden_layer': 2, 'n_dense_hidden_layer': 1, 'n_graph_dim': 5, 'n_dense_dim': 7, 'drop_rate': 0.2}. Best is trial 34 with value: 0.005424294221270661.
2024-10-24 15:16:24 | INFO |    Trial 43 finished with value: 0.009535711092284708 and parameters: {'learning_rate': 0.005130781383387444, 'n_conv_hidden_layer': 1, 'n_dense_hidden_layer': 4, 'n_graph_dim': 7, 'n_dense_dim': 3, 'drop_rate': 0.2}. Best is trial 34 with value: 0.005424294221270661.
2024-10-24 15:16:48 | INFO |    Trial 44 finished with value: 0.010939516604639033 and parameters: {'learning_rate': 0.04286661750367163, 'n_conv_hidden_layer': 4, 'n_dense_hidden_layer': 4, 'n_graph_dim': 6, 'n_dense_dim': 4, 'drop_rate': 0.1}. Best is trial 34 with value: 0.005424294221270661.
2024-10-24 15:17:14 | INFO |    Trial 45 finished with value: 0.015056269694888685 and parameters: {'learning_rate': 0.026796832798314667, 'n_conv_hidden_layer': 5, 'n_dense_hidden_layer': 5, 'n_graph_dim': 7, 'n_dense_dim': 5, 'drop_rate': 0.2}. Best is trial 34 with value: 0.005424294221270661.
2024-10-24 15:17:39 | INFO |    Trial 46 finished with value: 0.008069095809205064 and parameters: {'learning_rate': 0.024824787344212586, 'n_conv_hidden_layer': 4, 'n_dense_hidden_layer': 4, 'n_graph_dim': 6, 'n_dense_dim': 7, 'drop_rate': 0.1}. Best is trial 34 with value: 0.005424294221270661.
2024-10-24 15:17:59 | INFO |    Trial 47 finished with value: 0.010202099203759439 and parameters: {'learning_rate': 0.0013389022084892945, 'n_conv_hidden_layer': 1, 'n_dense_hidden_layer': 3, 'n_graph_dim': 3, 'n_dense_dim': 5, 'drop_rate': 0.2}. Best is trial 34 with value: 0.005424294221270661.
2024-10-24 15:18:21 | INFO |    Trial 48 finished with value: 0.01142098067151279 and parameters: {'learning_rate': 0.0007238086291181397, 'n_conv_hidden_layer': 3, 'n_dense_hidden_layer': 1, 'n_graph_dim': 3, 'n_dense_dim': 7, 'drop_rate': 0.1}. Best is trial 34 with value: 0.005424294221270661.
2024-10-24 15:18:44 | INFO |    Trial 49 finished with value: 0.010439001395523532 and parameters: {'learning_rate': 0.00024053680495891361, 'n_conv_hidden_layer': 3, 'n_dense_hidden_layer': 4, 'n_graph_dim': 4, 'n_dense_dim': 6, 'drop_rate': 0.0}. Best is trial 34 with value: 0.005424294221270661.
2024-10-24 15:18:44 | INFO |    Best Trial: 34 with RMSE value: 0.005424294221270661
2024-10-24 15:18:44 | INFO |    Best Params
2024-10-24 15:18:44 | INFO |    GNN Type            |GAT
2024-10-24 15:18:44 | INFO |    Conv hidden layers  |1
2024-10-24 15:18:44 | INFO |    Dense hidden layers |1
2024-10-24 15:18:44 | INFO |    Graph dim           |64
2024-10-24 15:18:44 | INFO |    Dense dim           |8
2024-10-24 15:18:44 | INFO |    Drop rate           |0.0
2024-10-24 15:18:44 | INFO |    learning rate       |0.006596099207886099
2024-10-24 15:18:44 | INFO |    
2024-10-24 15:18:44 | INFO |    ***Training of the best model.***
2024-10-24 15:22:51 | INFO |    Training Finishued!!!
2024-10-24 15:22:51 | INFO |    For the train set:
2024-10-24 15:22:51 | INFO |    MAE: 0.7774 RMSE: 1.1256 R^2: 0.9166
2024-10-24 15:22:51 | INFO |    For the test set:
2024-10-24 15:22:51 | INFO |    MAE: 1.0360 RMSE: 1.3963 R^2: 0.8030
