2024-11-20 21:58:32 | INFO |    OS: Windows
2024-11-20 21:58:32 | INFO |    precision is 16
2024-11-20 21:58:33 | INFO |    Scaling output.
2024-11-20 21:58:33 | INFO |    Dava validation method: kfold.
2024-11-20 21:58:33 | INFO |    Num of fold: 3
2024-11-20 21:58:33 | INFO |    A new study created in memory with name: no-name-9f371a0f-6984-46aa-9d11-462053cdbf26
2024-11-20 21:59:04 | INFO |    Trial 0 finished with value: 0.0026260133976041 and parameters: {'learning_rate': 0.0013292918943162175, 'n_conv_hidden_layer': 5, 'n_dense_hidden_layer': 4, 'n_graph_dim': 5, 'n_dense_dim': 3, 'drop_rate': 0.0}. Best is trial 0 with value: 0.0026260133976041.
2024-11-20 21:59:35 | INFO |    Trial 1 finished with value: 0.00817133966620731 and parameters: {'learning_rate': 0.00014936568554617635, 'n_conv_hidden_layer': 5, 'n_dense_hidden_layer': 4, 'n_graph_dim': 6, 'n_dense_dim': 3, 'drop_rate': 0.3}. Best is trial 0 with value: 0.0026260133976041.
2024-11-20 22:00:03 | INFO |    Trial 2 finished with value: 0.0018190186030622804 and parameters: {'learning_rate': 0.03142880890840111, 'n_conv_hidden_layer': 2, 'n_dense_hidden_layer': 1, 'n_graph_dim': 3, 'n_dense_dim': 4, 'drop_rate': 0.2}. Best is trial 2 with value: 0.0018190186030622804.
2024-11-20 22:00:32 | INFO |    Trial 3 finished with value: 0.0035763194552010796 and parameters: {'learning_rate': 0.0019762189340280074, 'n_conv_hidden_layer': 2, 'n_dense_hidden_layer': 4, 'n_graph_dim': 3, 'n_dense_dim': 4, 'drop_rate': 0.1}. Best is trial 2 with value: 0.0018190186030622804.
2024-11-20 22:01:01 | INFO |    Trial 4 finished with value: 0.0017233373542691437 and parameters: {'learning_rate': 0.0023345864076016252, 'n_conv_hidden_layer': 4, 'n_dense_hidden_layer': 1, 'n_graph_dim': 5, 'n_dense_dim': 5, 'drop_rate': 0.0}. Best is trial 4 with value: 0.0017233373542691437.
2024-11-20 22:01:27 | INFO |    Trial 5 finished with value: 0.0023600509197579654 and parameters: {'learning_rate': 0.006647135865318032, 'n_conv_hidden_layer': 1, 'n_dense_hidden_layer': 1, 'n_graph_dim': 7, 'n_dense_dim': 7, 'drop_rate': 0.3}. Best is trial 4 with value: 0.0017233373542691437.
2024-11-20 22:01:55 | INFO |    Trial 6 finished with value: 0.0038608470481483366 and parameters: {'learning_rate': 0.0008200518402245837, 'n_conv_hidden_layer': 1, 'n_dense_hidden_layer': 4, 'n_graph_dim': 5, 'n_dense_dim': 3, 'drop_rate': 0.1}. Best is trial 4 with value: 0.0017233373542691437.
2024-11-20 22:02:26 | INFO |    Trial 7 finished with value: 0.00546361028527554 and parameters: {'learning_rate': 0.00012681352169084607, 'n_conv_hidden_layer': 5, 'n_dense_hidden_layer': 2, 'n_graph_dim': 6, 'n_dense_dim': 4, 'drop_rate': 0.2}. Best is trial 4 with value: 0.0017233373542691437.
2024-11-20 22:02:55 | INFO |    Trial 8 finished with value: 0.0027014778823453343 and parameters: {'learning_rate': 0.004366473592979638, 'n_conv_hidden_layer': 1, 'n_dense_hidden_layer': 5, 'n_graph_dim': 6, 'n_dense_dim': 7, 'drop_rate': 0.3}. Best is trial 4 with value: 0.0017233373542691437.
2024-11-20 22:03:28 | INFO |    Trial 9 finished with value: 0.002508750915941498 and parameters: {'learning_rate': 0.00621870472776908, 'n_conv_hidden_layer': 5, 'n_dense_hidden_layer': 1, 'n_graph_dim': 3, 'n_dense_dim': 3, 'drop_rate': 0.1}. Best is trial 4 with value: 0.0017233373542691437.
2024-11-20 22:03:58 | INFO |    Trial 10 finished with value: 0.00386469875461464 and parameters: {'learning_rate': 0.001465655388622534, 'n_conv_hidden_layer': 2, 'n_dense_hidden_layer': 5, 'n_graph_dim': 4, 'n_dense_dim': 4, 'drop_rate': 0.2}. Best is trial 4 with value: 0.0017233373542691437.
2024-11-20 22:04:29 | INFO |    Trial 11 finished with value: 0.002477723033947887 and parameters: {'learning_rate': 0.00026471141828218194, 'n_conv_hidden_layer': 5, 'n_dense_hidden_layer': 1, 'n_graph_dim': 7, 'n_dense_dim': 6, 'drop_rate': 0.0}. Best is trial 4 with value: 0.0017233373542691437.
2024-11-20 22:05:01 | INFO |    Trial 12 finished with value: 0.004470132278487279 and parameters: {'learning_rate': 0.00010388823104027947, 'n_conv_hidden_layer': 5, 'n_dense_hidden_layer': 4, 'n_graph_dim': 6, 'n_dense_dim': 6, 'drop_rate': 0.0}. Best is trial 4 with value: 0.0017233373542691437.
2024-11-20 22:05:29 | INFO |    Trial 13 finished with value: 0.002904738890650977 and parameters: {'learning_rate': 0.0011895896737553553, 'n_conv_hidden_layer': 1, 'n_dense_hidden_layer': 5, 'n_graph_dim': 6, 'n_dense_dim': 4, 'drop_rate': 0.0}. Best is trial 4 with value: 0.0017233373542691437.
2024-11-20 22:05:57 | INFO |    Trial 14 finished with value: 0.0027030912275842005 and parameters: {'learning_rate': 0.0008569331925053991, 'n_conv_hidden_layer': 2, 'n_dense_hidden_layer': 4, 'n_graph_dim': 6, 'n_dense_dim': 7, 'drop_rate': 0.1}. Best is trial 4 with value: 0.0017233373542691437.
2024-11-20 22:06:27 | INFO |    Trial 15 finished with value: 0.005274493462315736 and parameters: {'learning_rate': 0.00022844556850020554, 'n_conv_hidden_layer': 4, 'n_dense_hidden_layer': 4, 'n_graph_dim': 5, 'n_dense_dim': 6, 'drop_rate': 0.1}. Best is trial 4 with value: 0.0017233373542691437.
2024-11-20 22:06:56 | INFO |    Trial 16 finished with value: 0.002812053404860925 and parameters: {'learning_rate': 0.0036999724314638123, 'n_conv_hidden_layer': 3, 'n_dense_hidden_layer': 1, 'n_graph_dim': 3, 'n_dense_dim': 3, 'drop_rate': 0.2}. Best is trial 4 with value: 0.0017233373542691437.
2024-11-20 22:07:26 | INFO |    Trial 17 finished with value: 0.003994725961634453 and parameters: {'learning_rate': 0.0008771380343280567, 'n_conv_hidden_layer': 3, 'n_dense_hidden_layer': 5, 'n_graph_dim': 4, 'n_dense_dim': 5, 'drop_rate': 0.3}. Best is trial 4 with value: 0.0017233373542691437.
2024-11-20 22:07:52 | INFO |    Trial 18 finished with value: 0.005013589745149333 and parameters: {'learning_rate': 0.000485729517921717, 'n_conv_hidden_layer': 1, 'n_dense_hidden_layer': 2, 'n_graph_dim': 3, 'n_dense_dim': 7, 'drop_rate': 0.3}. Best is trial 4 with value: 0.0017233373542691437.
2024-11-20 22:08:24 | INFO |    Trial 19 finished with value: 0.003127168151186403 and parameters: {'learning_rate': 0.007947147424653748, 'n_conv_hidden_layer': 5, 'n_dense_hidden_layer': 5, 'n_graph_dim': 3, 'n_dense_dim': 7, 'drop_rate': 0.2}. Best is trial 4 with value: 0.0017233373542691437.
2024-11-20 22:08:56 | INFO |    Trial 20 finished with value: 0.0019465459307140554 and parameters: {'learning_rate': 0.026443593078398657, 'n_conv_hidden_layer': 5, 'n_dense_hidden_layer': 2, 'n_graph_dim': 3, 'n_dense_dim': 4, 'drop_rate': 0.1}. Best is trial 4 with value: 0.0017233373542691437.
2024-11-20 22:09:28 | INFO |    Trial 21 finished with value: 0.03809910392737038 and parameters: {'learning_rate': 0.028447512555118206, 'n_conv_hidden_layer': 5, 'n_dense_hidden_layer': 1, 'n_graph_dim': 5, 'n_dense_dim': 5, 'drop_rate': 0.0}. Best is trial 4 with value: 0.0017233373542691437.
2024-11-20 22:09:56 | INFO |    Trial 22 finished with value: 0.00525910810859629 and parameters: {'learning_rate': 0.0002288738114460098, 'n_conv_hidden_layer': 2, 'n_dense_hidden_layer': 5, 'n_graph_dim': 4, 'n_dense_dim': 5, 'drop_rate': 0.2}. Best is trial 4 with value: 0.0017233373542691437.
2024-11-20 22:10:28 | INFO |    Trial 23 finished with value: 0.003460121640648961 and parameters: {'learning_rate': 0.0012327891605450798, 'n_conv_hidden_layer': 5, 'n_dense_hidden_layer': 5, 'n_graph_dim': 4, 'n_dense_dim': 5, 'drop_rate': 0.1}. Best is trial 4 with value: 0.0017233373542691437.
2024-11-20 22:10:55 | INFO |    Trial 24 finished with value: 0.004166184034746022 and parameters: {'learning_rate': 0.000715354779469316, 'n_conv_hidden_layer': 1, 'n_dense_hidden_layer': 4, 'n_graph_dim': 5, 'n_dense_dim': 3, 'drop_rate': 0.1}. Best is trial 4 with value: 0.0017233373542691437.
2024-11-20 22:11:23 | INFO |    Trial 25 finished with value: 0.0024357778252702723 and parameters: {'learning_rate': 0.05306371575220848, 'n_conv_hidden_layer': 2, 'n_dense_hidden_layer': 1, 'n_graph_dim': 5, 'n_dense_dim': 7, 'drop_rate': 0.0}. Best is trial 4 with value: 0.0017233373542691437.
2024-11-20 22:11:53 | INFO |    Trial 26 finished with value: 0.002037222093965252 and parameters: {'learning_rate': 0.010385003379927421, 'n_conv_hidden_layer': 4, 'n_dense_hidden_layer': 2, 'n_graph_dim': 6, 'n_dense_dim': 4, 'drop_rate': 0.2}. Best is trial 4 with value: 0.0017233373542691437.
2024-11-20 22:12:21 | INFO |    Trial 27 finished with value: 0.0017923370696706362 and parameters: {'learning_rate': 0.007954064937683933, 'n_conv_hidden_layer': 3, 'n_dense_hidden_layer': 1, 'n_graph_dim': 7, 'n_dense_dim': 4, 'drop_rate': 0.0}. Best is trial 4 with value: 0.0017233373542691437.
2024-11-20 22:12:50 | INFO |    Trial 28 finished with value: 0.003336037709747318 and parameters: {'learning_rate': 0.0001325334260006654, 'n_conv_hidden_layer': 3, 'n_dense_hidden_layer': 4, 'n_graph_dim': 3, 'n_dense_dim': 5, 'drop_rate': 0.0}. Best is trial 4 with value: 0.0017233373542691437.
2024-11-20 22:13:18 | INFO |    Trial 29 finished with value: 0.0018309940723449328 and parameters: {'learning_rate': 0.008620220426018047, 'n_conv_hidden_layer': 1, 'n_dense_hidden_layer': 4, 'n_graph_dim': 4, 'n_dense_dim': 7, 'drop_rate': 0.0}. Best is trial 4 with value: 0.0017233373542691437.
2024-11-20 22:13:45 | INFO |    Trial 30 finished with value: 0.004044247337417262 and parameters: {'learning_rate': 0.0010548702714918063, 'n_conv_hidden_layer': 1, 'n_dense_hidden_layer': 5, 'n_graph_dim': 7, 'n_dense_dim': 4, 'drop_rate': 0.2}. Best is trial 4 with value: 0.0017233373542691437.
2024-11-20 22:14:14 | INFO |    Trial 31 finished with value: 0.0026054848558571485 and parameters: {'learning_rate': 0.028292192255361892, 'n_conv_hidden_layer': 3, 'n_dense_hidden_layer': 3, 'n_graph_dim': 4, 'n_dense_dim': 3, 'drop_rate': 0.3}. Best is trial 4 with value: 0.0017233373542691437.
2024-11-20 22:14:45 | INFO |    Trial 32 finished with value: 0.0024556512306196164 and parameters: {'learning_rate': 0.05026366723161423, 'n_conv_hidden_layer': 4, 'n_dense_hidden_layer': 2, 'n_graph_dim': 4, 'n_dense_dim': 6, 'drop_rate': 0.3}. Best is trial 4 with value: 0.0017233373542691437.
2024-11-20 22:15:15 | INFO |    Trial 33 finished with value: 0.00429168506608652 and parameters: {'learning_rate': 0.04584154780136381, 'n_conv_hidden_layer': 4, 'n_dense_hidden_layer': 4, 'n_graph_dim': 3, 'n_dense_dim': 3, 'drop_rate': 0.3}. Best is trial 4 with value: 0.0017233373542691437.
2024-11-20 22:15:42 | INFO |    Trial 34 finished with value: 0.0016122520840744909 and parameters: {'learning_rate': 0.006596099207886099, 'n_conv_hidden_layer': 1, 'n_dense_hidden_layer': 1, 'n_graph_dim': 6, 'n_dense_dim': 3, 'drop_rate': 0.0}. Best is trial 34 with value: 0.0016122520840744909.
2024-11-20 22:16:12 | INFO |    Trial 35 finished with value: 0.0025314572931260985 and parameters: {'learning_rate': 0.004427936336500092, 'n_conv_hidden_layer': 4, 'n_dense_hidden_layer': 4, 'n_graph_dim': 4, 'n_dense_dim': 6, 'drop_rate': 0.0}. Best is trial 34 with value: 0.0016122520840744909.
2024-11-20 22:16:43 | INFO |    Trial 36 finished with value: 0.0030937727368741904 and parameters: {'learning_rate': 0.0009466710461838319, 'n_conv_hidden_layer': 4, 'n_dense_hidden_layer': 4, 'n_graph_dim': 7, 'n_dense_dim': 6, 'drop_rate': 0.2}. Best is trial 34 with value: 0.0016122520840744909.
2024-11-20 22:17:11 | INFO |    Trial 37 finished with value: 0.004242374074776755 and parameters: {'learning_rate': 0.000190996013855054, 'n_conv_hidden_layer': 2, 'n_dense_hidden_layer': 2, 'n_graph_dim': 4, 'n_dense_dim': 7, 'drop_rate': 0.1}. Best is trial 34 with value: 0.0016122520840744909.
2024-11-20 22:17:41 | INFO |    Trial 38 finished with value: 0.0025223177222964337 and parameters: {'learning_rate': 0.047439452210589754, 'n_conv_hidden_layer': 4, 'n_dense_hidden_layer': 4, 'n_graph_dim': 5, 'n_dense_dim': 5, 'drop_rate': 0.1}. Best is trial 34 with value: 0.0016122520840744909.
2024-11-20 22:18:11 | INFO |    Trial 39 finished with value: 0.0032345402494321617 and parameters: {'learning_rate': 0.0003852378615162035, 'n_conv_hidden_layer': 4, 'n_dense_hidden_layer': 2, 'n_graph_dim': 3, 'n_dense_dim': 6, 'drop_rate': 0.0}. Best is trial 34 with value: 0.0016122520840744909.
2024-11-20 22:18:42 | INFO |    Trial 40 finished with value: 0.003909220660547235 and parameters: {'learning_rate': 0.06627897035983009, 'n_conv_hidden_layer': 5, 'n_dense_hidden_layer': 5, 'n_graph_dim': 4, 'n_dense_dim': 3, 'drop_rate': 0.3}. Best is trial 34 with value: 0.0016122520840744909.
2024-11-20 22:19:14 | INFO |    Trial 41 finished with value: 0.0026369049641311406 and parameters: {'learning_rate': 0.0019255395572015624, 'n_conv_hidden_layer': 5, 'n_dense_hidden_layer': 5, 'n_graph_dim': 7, 'n_dense_dim': 4, 'drop_rate': 0.1}. Best is trial 34 with value: 0.0016122520840744909.
2024-11-20 22:19:41 | INFO |    Trial 42 finished with value: 0.0015331005794376213 and parameters: {'learning_rate': 0.03576102963485507, 'n_conv_hidden_layer': 2, 'n_dense_hidden_layer': 1, 'n_graph_dim': 5, 'n_dense_dim': 7, 'drop_rate': 0.2}. Best is trial 42 with value: 0.0015331005794376213.
2024-11-20 22:20:08 | INFO |    Trial 43 finished with value: 0.0025663496590113046 and parameters: {'learning_rate': 0.005130781383387444, 'n_conv_hidden_layer': 1, 'n_dense_hidden_layer': 4, 'n_graph_dim': 7, 'n_dense_dim': 3, 'drop_rate': 0.2}. Best is trial 42 with value: 0.0015331005794376213.
2024-11-20 22:20:39 | INFO |    Trial 44 finished with value: 0.0034751299202672547 and parameters: {'learning_rate': 0.04286661750367163, 'n_conv_hidden_layer': 4, 'n_dense_hidden_layer': 4, 'n_graph_dim': 6, 'n_dense_dim': 4, 'drop_rate': 0.1}. Best is trial 42 with value: 0.0015331005794376213.
2024-11-20 22:21:11 | INFO |    Trial 45 finished with value: 0.003315670536095837 and parameters: {'learning_rate': 0.026796832798314667, 'n_conv_hidden_layer': 5, 'n_dense_hidden_layer': 5, 'n_graph_dim': 7, 'n_dense_dim': 5, 'drop_rate': 0.2}. Best is trial 42 with value: 0.0015331005794376213.
2024-11-20 22:21:42 | INFO |    Trial 46 finished with value: 0.002831782276663151 and parameters: {'learning_rate': 0.024824787344212586, 'n_conv_hidden_layer': 4, 'n_dense_hidden_layer': 4, 'n_graph_dim': 6, 'n_dense_dim': 7, 'drop_rate': 0.1}. Best is trial 42 with value: 0.0015331005794376213.
2024-11-20 22:22:09 | INFO |    Trial 47 finished with value: 0.0033962499624470583 and parameters: {'learning_rate': 0.0013389022084892945, 'n_conv_hidden_layer': 1, 'n_dense_hidden_layer': 3, 'n_graph_dim': 3, 'n_dense_dim': 5, 'drop_rate': 0.2}. Best is trial 42 with value: 0.0015331005794376213.
2024-11-20 22:22:38 | INFO |    Trial 48 finished with value: 0.0037037704519822163 and parameters: {'learning_rate': 0.0007238086291181397, 'n_conv_hidden_layer': 3, 'n_dense_hidden_layer': 1, 'n_graph_dim': 3, 'n_dense_dim': 7, 'drop_rate': 0.1}. Best is trial 42 with value: 0.0015331005794376213.
2024-11-20 22:23:07 | INFO |    Trial 49 finished with value: 0.0038384190957071844 and parameters: {'learning_rate': 0.00024053680495891361, 'n_conv_hidden_layer': 3, 'n_dense_hidden_layer': 4, 'n_graph_dim': 4, 'n_dense_dim': 6, 'drop_rate': 0.0}. Best is trial 42 with value: 0.0015331005794376213.
2024-11-20 22:23:07 | INFO |    Best Trial: 42 with RMSE value: 0.0015331005794376213
2024-11-20 22:23:07 | INFO |    Best Params
2024-11-20 22:23:07 | INFO |    GNN Type            |GAT
2024-11-20 22:23:07 | INFO |    Conv hidden layers  |2
2024-11-20 22:23:07 | INFO |    Dense hidden layers |1
2024-11-20 22:23:07 | INFO |    Graph dim           |32
2024-11-20 22:23:07 | INFO |    Dense dim           |128
2024-11-20 22:23:07 | INFO |    Drop rate           |0.2
2024-11-20 22:23:07 | INFO |    learning rate       |0.03576102963485507
2024-11-20 22:23:07 | INFO |    
2024-11-20 22:23:07 | INFO |    ***Training of the best model.***
2024-11-20 22:28:38 | INFO |    Training Finishued!!!
2024-11-20 22:28:38 | INFO |    For the train set:
2024-11-20 22:28:38 | INFO |    MAE: 0.6631 RMSE: 0.9071 R^2: 0.9458
2024-11-20 22:28:38 | INFO |    For the test set:
2024-11-20 22:28:38 | INFO |    MAE: 0.7942 RMSE: 1.1669 R^2: 0.8624
