2024-04-24 12:54:09 | INFO |    OS: Windows
2024-04-24 12:54:09 | INFO |    precision is 16
2024-04-24 12:54:09 | INFO |    ***Sampling and splitting of the dataset.***
2024-04-24 12:54:09 | INFO |    Train/valid/test splits:0.80/0.10/0.10
2024-04-24 12:54:09 | INFO |    Setup Molecule Tokens.
2024-04-24 12:54:09 | INFO |    ***Data augmentation is True.***
2024-04-24 12:54:09 | INFO |    Augmented SMILES data size:
2024-04-24 12:54:09 | INFO |    Training set	| 4345
2024-04-24 12:54:09 | INFO |    Validation set	| 517
2024-04-24 12:54:09 | INFO |    Test set	| 493
2024-04-24 12:54:09 | INFO |    Number of tokens only present in a training set: 34
2024-04-24 12:54:09 | INFO |    Number of tokens only present in a validation set: 26
2024-04-24 12:54:09 | INFO |    Is the validation set a subset of the training set: True
2024-04-24 12:54:09 | INFO |    What are the tokens by which they differ: set()
2024-04-24 12:54:09 | INFO |    Number of tokens only present in a test set: 24
2024-04-24 12:54:09 | INFO |    Is the test set a subset of the training set: True
2024-04-24 12:54:09 | INFO |    What are the tokens by which they differ: set()
2024-04-24 12:54:09 | INFO |    Is the test set a subset of the validation set: False
2024-04-24 12:54:09 | INFO |    What are the tokens by which they differ: {'3', '[C@]', '[C@@]', '-'}
2024-04-24 12:54:09 | INFO |    Full vocabulary: ['sos', 'eos', 'n', 'N', '3', '[C@H]', '[C@@]', 'F', 'Br', '(', '[S+2]', '#', '[O-]', 'c', 'P', '[C@@H]', 'S', '[nH]', 'I', '2', ')', '-', 'C', '5', '4', '/', '\\', '1', 's', '=', '[N+]', 'Cl', '[C@]', 'O']
2024-04-24 12:54:09 | INFO |    Of size: 34
2024-04-24 12:54:09 | INFO |    Maximum length of tokenized SMILES: 52 tokens(termination spaces included)
2024-04-24 12:54:27 | INFO |    Trial 0 finished with value: 0.009169378317892551 and parameters: {'n_lstm_units': 5, 'n_dense_units': 10, 'n_embedding_dim': 8, 'learning_rate': 0.0015751320499779737}. Best is trial 0 with value: 0.009169378317892551 and R2: 0.9511953592300415.
2024-04-24 12:54:35 | INFO |    Trial 1 finished with value: 0.02560337446630001 and parameters: {'n_lstm_units': 4, 'n_dense_units': 4, 'n_embedding_dim': 3, 'learning_rate': 0.005399484409787433}. Best is trial 0 with value: 0.009169378317892551 and R2: 0.9511953592300415.
2024-04-24 12:54:44 | INFO |    Trial 2 finished with value: 0.011291352100670338 and parameters: {'n_lstm_units': 7, 'n_dense_units': 8, 'n_embedding_dim': 3, 'learning_rate': 0.008706020878304856}. Best is trial 0 with value: 0.009169378317892551 and R2: 0.9511953592300415.
2024-04-24 12:54:54 | INFO |    Trial 3 finished with value: 0.04327138513326645 and parameters: {'n_lstm_units': 9, 'n_dense_units': 4, 'n_embedding_dim': 4, 'learning_rate': 0.00023270677083837802}. Best is trial 0 with value: 0.009169378317892551 and R2: 0.9511953592300415.
2024-04-24 12:55:02 | INFO |    Trial 4 finished with value: 0.02593272179365158 and parameters: {'n_lstm_units': 5, 'n_dense_units': 7, 'n_embedding_dim': 6, 'learning_rate': 0.0003823475224675188}. Best is trial 0 with value: 0.009169378317892551 and R2: 0.9511953592300415.
2024-04-24 12:55:21 | INFO |    Trial 5 finished with value: 0.015372848138213158 and parameters: {'n_lstm_units': 7, 'n_dense_units': 4, 'n_embedding_dim': 5, 'learning_rate': 0.0005404103854647331}. Best is trial 0 with value: 0.009169378317892551 and R2: 0.9511953592300415.
2024-04-24 12:55:30 | INFO |    Trial 6 finished with value: 0.011618832126259804 and parameters: {'n_lstm_units': 6, 'n_dense_units': 9, 'n_embedding_dim': 4, 'learning_rate': 0.0010677482709481358}. Best is trial 0 with value: 0.009169378317892551 and R2: 0.9511953592300415.
2024-04-24 12:55:38 | INFO |    Trial 7 finished with value: 0.015575263649225235 and parameters: {'n_lstm_units': 7, 'n_dense_units': 3, 'n_embedding_dim': 7, 'learning_rate': 0.00021930485556643703}. Best is trial 0 with value: 0.009169378317892551 and R2: 0.9511953592300415.
2024-04-24 12:55:47 | INFO |    Trial 8 finished with value: 0.01905537024140358 and parameters: {'n_lstm_units': 3, 'n_dense_units': 10, 'n_embedding_dim': 10, 'learning_rate': 0.004138040112561018}. Best is trial 0 with value: 0.009169378317892551 and R2: 0.9511953592300415.
2024-04-24 12:55:56 | INFO |    Trial 9 finished with value: 0.01165803987532854 and parameters: {'n_lstm_units': 5, 'n_dense_units': 3, 'n_embedding_dim': 8, 'learning_rate': 0.0007591104805282694}. Best is trial 0 with value: 0.009169378317892551 and R2: 0.9511953592300415.
2024-04-24 12:56:04 | INFO |    Trial 10 finished with value: 0.014053073711693287 and parameters: {'n_lstm_units': 3, 'n_dense_units': 6, 'n_embedding_dim': 3, 'learning_rate': 0.006586289317583112}. Best is trial 0 with value: 0.009169378317892551 and R2: 0.9511953592300415.
2024-04-24 12:56:12 | INFO |    Trial 11 finished with value: 0.012890217825770378 and parameters: {'n_lstm_units': 5, 'n_dense_units': 8, 'n_embedding_dim': 5, 'learning_rate': 0.001096821720752952}. Best is trial 0 with value: 0.009169378317892551 and R2: 0.9511953592300415.
2024-04-24 12:56:22 | INFO |    Trial 12 finished with value: 0.010415812954306602 and parameters: {'n_lstm_units': 7, 'n_dense_units': 4, 'n_embedding_dim': 10, 'learning_rate': 0.0035503048581283078}. Best is trial 0 with value: 0.009169378317892551 and R2: 0.9511953592300415.
2024-04-24 12:56:38 | INFO |    Trial 13 finished with value: 0.06544338166713715 and parameters: {'n_lstm_units': 10, 'n_dense_units': 10, 'n_embedding_dim': 7, 'learning_rate': 0.0069782812651260325}. Best is trial 0 with value: 0.009169378317892551 and R2: 0.9511953592300415.
2024-04-24 12:56:46 | INFO |    Trial 14 finished with value: 0.13926079869270325 and parameters: {'n_lstm_units': 3, 'n_dense_units': 4, 'n_embedding_dim': 3, 'learning_rate': 0.0004473636174621269}. Best is trial 0 with value: 0.009169378317892551 and R2: 0.9511953592300415.
2024-04-24 12:56:55 | INFO |    Trial 15 finished with value: 0.008985787630081177 and parameters: {'n_lstm_units': 6, 'n_dense_units': 5, 'n_embedding_dim': 9, 'learning_rate': 0.0005170191786366995}. Best is trial 15 with value: 0.008985787630081177 and R2: 0.952172577381134.
2024-04-24 12:57:03 | INFO |    Trial 16 finished with value: 0.012601461261510849 and parameters: {'n_lstm_units': 5, 'n_dense_units': 7, 'n_embedding_dim': 4, 'learning_rate': 0.0040215545266902904}. Best is trial 15 with value: 0.008985787630081177 and R2: 0.952172577381134.
2024-04-24 12:57:12 | INFO |    Trial 17 finished with value: 0.018569063395261765 and parameters: {'n_lstm_units': 3, 'n_dense_units': 10, 'n_embedding_dim': 9, 'learning_rate': 0.00024970737145052745}. Best is trial 15 with value: 0.008985787630081177 and R2: 0.952172577381134.
2024-04-24 12:57:21 | INFO |    Trial 18 finished with value: 0.009274587035179138 and parameters: {'n_lstm_units': 3, 'n_dense_units': 9, 'n_embedding_dim': 8, 'learning_rate': 0.0028708753481954683}. Best is trial 15 with value: 0.008985787630081177 and R2: 0.952172577381134.
2024-04-24 12:57:31 | INFO |    Trial 19 finished with value: 0.027914132922887802 and parameters: {'n_lstm_units': 9, 'n_dense_units': 3, 'n_embedding_dim': 5, 'learning_rate': 0.0001705053926026929}. Best is trial 15 with value: 0.008985787630081177 and R2: 0.952172577381134.
2024-04-24 12:57:41 | INFO |    Trial 20 finished with value: 0.029951440170407295 and parameters: {'n_lstm_units': 9, 'n_dense_units': 7, 'n_embedding_dim': 5, 'learning_rate': 0.00013400367243354819}. Best is trial 15 with value: 0.008985787630081177 and R2: 0.952172577381134.
2024-04-24 12:57:49 | INFO |    Trial 21 finished with value: 0.009475084953010082 and parameters: {'n_lstm_units': 5, 'n_dense_units': 5, 'n_embedding_dim': 8, 'learning_rate': 0.0018841476921545091}. Best is trial 15 with value: 0.008985787630081177 and R2: 0.952172577381134.
2024-04-24 12:58:04 | INFO |    Trial 22 finished with value: 0.031848516315221786 and parameters: {'n_lstm_units': 10, 'n_dense_units': 6, 'n_embedding_dim': 3, 'learning_rate': 0.0026698666742744613}. Best is trial 15 with value: 0.008985787630081177 and R2: 0.952172577381134.
2024-04-24 12:58:15 | INFO |    Trial 23 finished with value: 0.010095344856381416 and parameters: {'n_lstm_units': 9, 'n_dense_units': 7, 'n_embedding_dim': 9, 'learning_rate': 0.0009718319944817398}. Best is trial 15 with value: 0.008985787630081177 and R2: 0.952172577381134.
2024-04-24 12:58:23 | INFO |    Trial 24 finished with value: 0.05752411484718323 and parameters: {'n_lstm_units': 7, 'n_dense_units': 6, 'n_embedding_dim': 3, 'learning_rate': 0.00016435497475111326}. Best is trial 15 with value: 0.008985787630081177 and R2: 0.952172577381134.
2024-04-24 12:58:32 | INFO |    Trial 25 finished with value: 0.018319586291909218 and parameters: {'n_lstm_units': 3, 'n_dense_units': 8, 'n_embedding_dim': 5, 'learning_rate': 0.0010402587615883842}. Best is trial 15 with value: 0.008985787630081177 and R2: 0.952172577381134.
2024-04-24 12:58:46 | INFO |    Trial 26 finished with value: 0.01367716584354639 and parameters: {'n_lstm_units': 10, 'n_dense_units': 4, 'n_embedding_dim': 6, 'learning_rate': 0.0032441600887341587}. Best is trial 15 with value: 0.008985787630081177 and R2: 0.952172577381134.
2024-04-24 12:58:54 | INFO |    Trial 27 finished with value: 0.15078853070735931 and parameters: {'n_lstm_units': 4, 'n_dense_units': 3, 'n_embedding_dim': 5, 'learning_rate': 0.00021010799310103572}. Best is trial 15 with value: 0.008985787630081177 and R2: 0.952172577381134.
2024-04-24 12:59:10 | INFO |    Trial 28 finished with value: 0.07468705624341965 and parameters: {'n_lstm_units': 10, 'n_dense_units': 9, 'n_embedding_dim': 8, 'learning_rate': 0.005532496914298506}. Best is trial 15 with value: 0.008985787630081177 and R2: 0.952172577381134.
2024-04-24 12:59:22 | INFO |    Trial 29 finished with value: 0.00874879490584135 and parameters: {'n_lstm_units': 9, 'n_dense_units': 4, 'n_embedding_dim': 10, 'learning_rate': 0.0011986281799901185}. Best is trial 29 with value: 0.00874879490584135 and R2: 0.9534339904785156.
2024-04-24 12:59:33 | INFO |    Trial 30 finished with value: 0.019739650189876556 and parameters: {'n_lstm_units': 9, 'n_dense_units': 10, 'n_embedding_dim': 5, 'learning_rate': 0.00016599837974449222}. Best is trial 29 with value: 0.00874879490584135 and R2: 0.9534339904785156.
2024-04-24 12:59:42 | INFO |    Trial 31 finished with value: 0.011194679886102676 and parameters: {'n_lstm_units': 4, 'n_dense_units': 6, 'n_embedding_dim': 9, 'learning_rate': 0.005265761277157428}. Best is trial 29 with value: 0.00874879490584135 and R2: 0.9534339904785156.
2024-04-24 12:59:50 | INFO |    Trial 32 finished with value: 0.057207606732845306 and parameters: {'n_lstm_units': 3, 'n_dense_units': 7, 'n_embedding_dim': 6, 'learning_rate': 0.00027810936979265544}. Best is trial 29 with value: 0.00874879490584135 and R2: 0.9534339904785156.
2024-04-24 12:59:59 | INFO |    Trial 33 finished with value: 0.03239663317799568 and parameters: {'n_lstm_units': 3, 'n_dense_units': 5, 'n_embedding_dim': 10, 'learning_rate': 0.00044300218067679835}. Best is trial 29 with value: 0.00874879490584135 and R2: 0.9534339904785156.
2024-04-24 13:00:08 | INFO |    Trial 34 finished with value: 0.009933076798915863 and parameters: {'n_lstm_units': 7, 'n_dense_units': 8, 'n_embedding_dim': 5, 'learning_rate': 0.008781408196485976}. Best is trial 29 with value: 0.00874879490584135 and R2: 0.9534339904785156.
2024-04-24 13:00:22 | INFO |    Trial 35 finished with value: 0.011923359706997871 and parameters: {'n_lstm_units': 10, 'n_dense_units': 5, 'n_embedding_dim': 6, 'learning_rate': 0.0003997206819121809}. Best is trial 29 with value: 0.00874879490584135 and R2: 0.9534339904785156.
2024-04-24 13:00:31 | INFO |    Trial 36 finished with value: 0.010140456259250641 and parameters: {'n_lstm_units': 5, 'n_dense_units': 3, 'n_embedding_dim': 7, 'learning_rate': 0.0010124137770478635}. Best is trial 29 with value: 0.00874879490584135 and R2: 0.9534339904785156.
2024-04-24 13:00:40 | INFO |    Trial 37 finished with value: 0.04945304989814758 and parameters: {'n_lstm_units': 3, 'n_dense_units': 5, 'n_embedding_dim': 10, 'learning_rate': 0.00030138649046798047}. Best is trial 29 with value: 0.00874879490584135 and R2: 0.9534339904785156.
2024-04-24 13:00:49 | INFO |    Trial 38 finished with value: 0.022969327867031097 and parameters: {'n_lstm_units': 4, 'n_dense_units': 6, 'n_embedding_dim': 10, 'learning_rate': 0.000304867088345807}. Best is trial 29 with value: 0.00874879490584135 and R2: 0.9534339904785156.
2024-04-24 13:00:58 | INFO |    Trial 39 finished with value: 0.015043992549180984 and parameters: {'n_lstm_units': 8, 'n_dense_units': 9, 'n_embedding_dim': 4, 'learning_rate': 0.0028604390429824616}. Best is trial 29 with value: 0.00874879490584135 and R2: 0.9534339904785156.
2024-04-24 13:01:07 | INFO |    Trial 40 finished with value: 0.009670714847743511 and parameters: {'n_lstm_units': 5, 'n_dense_units': 8, 'n_embedding_dim': 8, 'learning_rate': 0.0011790965486776312}. Best is trial 29 with value: 0.00874879490584135 and R2: 0.9534339904785156.
2024-04-24 13:01:15 | INFO |    Trial 41 finished with value: 0.06122494116425514 and parameters: {'n_lstm_units': 3, 'n_dense_units': 9, 'n_embedding_dim': 5, 'learning_rate': 0.00023606794572813083}. Best is trial 29 with value: 0.00874879490584135 and R2: 0.9534339904785156.
2024-04-24 13:01:23 | INFO |    Trial 42 finished with value: 0.09683678299188614 and parameters: {'n_lstm_units': 3, 'n_dense_units': 7, 'n_embedding_dim': 8, 'learning_rate': 0.00010793832090127293}. Best is trial 29 with value: 0.00874879490584135 and R2: 0.9534339904785156.
2024-04-24 13:01:32 | INFO |    Trial 43 finished with value: 0.012086387723684311 and parameters: {'n_lstm_units': 7, 'n_dense_units': 4, 'n_embedding_dim': 8, 'learning_rate': 0.00022321987366901572}. Best is trial 29 with value: 0.00874879490584135 and R2: 0.9534339904785156.
2024-04-24 13:01:42 | INFO |    Trial 44 finished with value: 0.008436242118477821 and parameters: {'n_lstm_units': 8, 'n_dense_units': 6, 'n_embedding_dim': 10, 'learning_rate': 0.00018838307787619773}. Best is trial 44 with value: 0.008436242118477821 and R2: 0.9550975561141968.
2024-04-24 13:01:51 | INFO |    Trial 45 finished with value: 0.013261063024401665 and parameters: {'n_lstm_units': 5, 'n_dense_units': 3, 'n_embedding_dim': 10, 'learning_rate': 0.005684322462212271}. Best is trial 44 with value: 0.008436242118477821 and R2: 0.9550975561141968.
2024-04-24 13:02:00 | INFO |    Trial 46 finished with value: 0.009515181183815002 and parameters: {'n_lstm_units': 5, 'n_dense_units': 8, 'n_embedding_dim': 9, 'learning_rate': 0.0012894414393074191}. Best is trial 44 with value: 0.008436242118477821 and R2: 0.9550975561141968.
2024-04-24 13:02:08 | INFO |    Trial 47 finished with value: 0.013402298092842102 and parameters: {'n_lstm_units': 7, 'n_dense_units': 4, 'n_embedding_dim': 3, 'learning_rate': 0.00622918911318856}. Best is trial 44 with value: 0.008436242118477821 and R2: 0.9550975561141968.
2024-04-24 13:02:23 | INFO |    Trial 48 finished with value: 0.021999120712280273 and parameters: {'n_lstm_units': 10, 'n_dense_units': 8, 'n_embedding_dim': 5, 'learning_rate': 0.0004993662066506425}. Best is trial 44 with value: 0.008436242118477821 and R2: 0.9550975561141968.
2024-04-24 13:02:34 | INFO |    Trial 49 finished with value: 0.009938804432749748 and parameters: {'n_lstm_units': 8, 'n_dense_units': 10, 'n_embedding_dim': 10, 'learning_rate': 0.003628700225554068}. Best is trial 44 with value: 0.008436242118477821 and R2: 0.9550975561141968.
2024-04-24 13:02:34 | INFO |    Best Trial: 44 with MSE value: 0.008436242118477821
2024-04-24 13:02:34 | INFO |    Best Params
2024-04-24 13:02:34 | INFO |    LSTM units       |256
2024-04-24 13:02:34 | INFO |    Dense units      |64
2024-04-24 13:02:34 | INFO |    Embedding units  |1024
2024-04-24 13:02:34 | INFO |    learning rate    |0.00018838307787619773
2024-04-24 13:02:34 | INFO |    
2024-04-24 13:02:34 | INFO |    ***Training of the best model.***
2024-04-24 13:03:12 | INFO |    Training Finished!!!
2024-04-24 13:03:13 | INFO |    Best val_loss @ Epoch #37
2024-04-24 13:03:13 | INFO |    ***Predictions from the best model.***
2024-04-24 13:03:17 | INFO |    For the training set:
2024-04-24 13:03:17 | INFO |    MAE: 0.2455 RMSE: 0.3670 R^2: 0.9905
2024-04-24 13:03:17 | INFO |    For the validation set:
2024-04-24 13:03:17 | INFO |    MAE: 0.5265 RMSE: 0.8580 R^2: 0.9668
2024-04-24 13:03:17 | INFO |    For the test set:
2024-04-24 13:03:17 | INFO |    MAE: 0.4800 RMSE: 0.7244 R^2: 0.9505
