2024-04-21 18:08:35 | INFO |    OS: Windows
2024-04-21 18:08:35 | INFO |    precision is 16
2024-04-21 18:08:35 | INFO |    ***Sampling and splitting of the dataset.***
2024-04-21 18:08:35 | INFO |    Train/valid/test splits:0.80/0.10/0.10
2024-04-21 18:08:35 | INFO |    Setup Molecule Tokens.
2024-04-21 18:08:35 | INFO |    ***Data augmentation is True.***
2024-04-21 18:08:35 | INFO |    Augmented SMILES data size:
2024-04-21 18:08:36 | INFO |    Training set	| 4345
2024-04-21 18:08:36 | INFO |    Validation set	| 517
2024-04-21 18:08:36 | INFO |    Test set	| 493
2024-04-21 18:08:36 | INFO |    Number of tokens only present in a training set: 33
2024-04-21 18:08:36 | INFO |    Number of tokens only present in a validation set: 25
2024-04-21 18:08:36 | INFO |    Is the validation set a subset of the training set: True
2024-04-21 18:08:36 | INFO |    What are the tokens by which they differ: set()
2024-04-21 18:08:36 | INFO |    Number of tokens only present in a test set: 23
2024-04-21 18:08:36 | INFO |    Is the test set a subset of the training set: True
2024-04-21 18:08:36 | INFO |    What are the tokens by which they differ: set()
2024-04-21 18:08:36 | INFO |    Is the test set a subset of the validation set: False
2024-04-21 18:08:36 | INFO |    What are the tokens by which they differ: {'3', '-', '[C@@]', '[C@]'}
2024-04-21 18:08:36 | INFO |    Full vocabulary: ['S', 'c', '-', '[C@]', 'n', '[O-]', 'F', '5', '[S+2]', '[C@@H]', 's', '[nH]', '=', 'P', '/', '1', '[N+]', '\\', '4', 'I', '[C@@]', '3', 'O', 'C', 'N', '#', '(', 'Cl', '[C@H]', ')', ' ', '2', 'Br']
2024-04-21 18:08:36 | INFO |    Of size: 33
2024-04-21 18:08:36 | INFO |    Maximum length of tokenized SMILES: 50 tokens(termination spaces included)
2024-04-21 18:08:49 | INFO |    Trial 0 finished with value: 0.009210028685629368 and parameters: {'n_lstm_units': 5, 'n_dense_units': 10, 'n_embedding_dim': 8, 'learning_rate': 0.0015751320499779737}. Best is trial 0 with value: 0.009210028685629368 and R2: 0.9509789943695068.
2024-04-21 18:08:57 | INFO |    Trial 1 finished with value: 0.011835837736725807 and parameters: {'n_lstm_units': 4, 'n_dense_units': 4, 'n_embedding_dim': 3, 'learning_rate': 0.005399484409787433}. Best is trial 0 with value: 0.009210028685629368 and R2: 0.9509789943695068.
2024-04-21 18:09:07 | INFO |    Trial 2 finished with value: 0.010817620903253555 and parameters: {'n_lstm_units': 7, 'n_dense_units': 8, 'n_embedding_dim': 3, 'learning_rate': 0.008706020878304856}. Best is trial 0 with value: 0.009210028685629368 and R2: 0.9509789943695068.
2024-04-21 18:09:18 | INFO |    Trial 3 finished with value: 0.020560158416628838 and parameters: {'n_lstm_units': 9, 'n_dense_units': 4, 'n_embedding_dim': 4, 'learning_rate': 0.00023270677083837802}. Best is trial 0 with value: 0.009210028685629368 and R2: 0.9509789943695068.
2024-04-21 18:09:27 | INFO |    Trial 4 finished with value: 0.018905434757471085 and parameters: {'n_lstm_units': 5, 'n_dense_units': 7, 'n_embedding_dim': 6, 'learning_rate': 0.0003823475224675188}. Best is trial 0 with value: 0.009210028685629368 and R2: 0.9509789943695068.
2024-04-21 18:09:36 | INFO |    Trial 5 finished with value: 0.026139717549085617 and parameters: {'n_lstm_units': 7, 'n_dense_units': 4, 'n_embedding_dim': 5, 'learning_rate': 0.0005404103854647331}. Best is trial 0 with value: 0.009210028685629368 and R2: 0.9509789943695068.
2024-04-21 18:09:45 | INFO |    Trial 6 finished with value: 0.016611509025096893 and parameters: {'n_lstm_units': 6, 'n_dense_units': 9, 'n_embedding_dim': 4, 'learning_rate': 0.0010677482709481358}. Best is trial 0 with value: 0.009210028685629368 and R2: 0.9509789943695068.
2024-04-21 18:09:55 | INFO |    Trial 7 finished with value: 0.014607155695557594 and parameters: {'n_lstm_units': 7, 'n_dense_units': 3, 'n_embedding_dim': 7, 'learning_rate': 0.00021930485556643703}. Best is trial 0 with value: 0.009210028685629368 and R2: 0.9509789943695068.
2024-04-21 18:10:04 | INFO |    Trial 8 finished with value: 0.016838591545820236 and parameters: {'n_lstm_units': 3, 'n_dense_units': 10, 'n_embedding_dim': 10, 'learning_rate': 0.004138040112561018}. Best is trial 0 with value: 0.009210028685629368 and R2: 0.9509789943695068.
2024-04-21 18:10:14 | INFO |    Trial 9 finished with value: 0.012698129750788212 and parameters: {'n_lstm_units': 5, 'n_dense_units': 3, 'n_embedding_dim': 8, 'learning_rate': 0.0007591104805282694}. Best is trial 0 with value: 0.009210028685629368 and R2: 0.9509789943695068.
2024-04-21 18:10:23 | INFO |    Trial 10 finished with value: 0.012592663988471031 and parameters: {'n_lstm_units': 3, 'n_dense_units': 6, 'n_embedding_dim': 3, 'learning_rate': 0.006586289317583112}. Best is trial 0 with value: 0.009210028685629368 and R2: 0.9509789943695068.
2024-04-21 18:10:32 | INFO |    Trial 11 finished with value: 0.014722779393196106 and parameters: {'n_lstm_units': 5, 'n_dense_units': 8, 'n_embedding_dim': 5, 'learning_rate': 0.001096821720752952}. Best is trial 0 with value: 0.009210028685629368 and R2: 0.9509789943695068.
2024-04-21 18:10:42 | INFO |    Trial 12 finished with value: 0.009676545858383179 and parameters: {'n_lstm_units': 7, 'n_dense_units': 4, 'n_embedding_dim': 10, 'learning_rate': 0.0035503048581283078}. Best is trial 0 with value: 0.009210028685629368 and R2: 0.9509789943695068.
2024-04-21 18:10:59 | INFO |    Trial 13 finished with value: 0.10698935389518738 and parameters: {'n_lstm_units': 10, 'n_dense_units': 10, 'n_embedding_dim': 7, 'learning_rate': 0.0069782812651260325}. Best is trial 0 with value: 0.009210028685629368 and R2: 0.9509789943695068.
2024-04-21 18:11:08 | INFO |    Trial 14 finished with value: 0.14522986114025116 and parameters: {'n_lstm_units': 3, 'n_dense_units': 4, 'n_embedding_dim': 3, 'learning_rate': 0.0004473636174621269}. Best is trial 0 with value: 0.009210028685629368 and R2: 0.9509789943695068.
2024-04-21 18:11:18 | INFO |    Trial 15 finished with value: 0.008904239162802696 and parameters: {'n_lstm_units': 6, 'n_dense_units': 5, 'n_embedding_dim': 9, 'learning_rate': 0.0005170191786366995}. Best is trial 15 with value: 0.008904239162802696 and R2: 0.9526066184043884.
2024-04-21 18:11:27 | INFO |    Trial 16 finished with value: 0.013384389691054821 and parameters: {'n_lstm_units': 5, 'n_dense_units': 7, 'n_embedding_dim': 4, 'learning_rate': 0.0040215545266902904}. Best is trial 15 with value: 0.008904239162802696 and R2: 0.9526066184043884.
2024-04-21 18:11:37 | INFO |    Trial 17 finished with value: 0.014617115259170532 and parameters: {'n_lstm_units': 3, 'n_dense_units': 10, 'n_embedding_dim': 9, 'learning_rate': 0.00024970737145052745}. Best is trial 15 with value: 0.008904239162802696 and R2: 0.9526066184043884.
2024-04-21 18:11:46 | INFO |    Trial 18 finished with value: 0.01003296859562397 and parameters: {'n_lstm_units': 3, 'n_dense_units': 9, 'n_embedding_dim': 8, 'learning_rate': 0.0028708753481954683}. Best is trial 15 with value: 0.008904239162802696 and R2: 0.9526066184043884.
2024-04-21 18:11:57 | INFO |    Trial 19 finished with value: 0.023645678535103798 and parameters: {'n_lstm_units': 9, 'n_dense_units': 3, 'n_embedding_dim': 5, 'learning_rate': 0.0001705053926026929}. Best is trial 15 with value: 0.008904239162802696 and R2: 0.9526066184043884.
2024-04-21 18:12:08 | INFO |    Trial 20 finished with value: 0.02089054509997368 and parameters: {'n_lstm_units': 9, 'n_dense_units': 7, 'n_embedding_dim': 5, 'learning_rate': 0.00013400367243354819}. Best is trial 15 with value: 0.008904239162802696 and R2: 0.9526066184043884.
2024-04-21 18:12:18 | INFO |    Trial 21 finished with value: 0.00921175628900528 and parameters: {'n_lstm_units': 5, 'n_dense_units': 5, 'n_embedding_dim': 8, 'learning_rate': 0.0018841476921545091}. Best is trial 15 with value: 0.008904239162802696 and R2: 0.9526066184043884.
2024-04-21 18:12:33 | INFO |    Trial 22 finished with value: 0.05875881388783455 and parameters: {'n_lstm_units': 10, 'n_dense_units': 6, 'n_embedding_dim': 3, 'learning_rate': 0.0026698666742744613}. Best is trial 15 with value: 0.008904239162802696 and R2: 0.9526066184043884.
2024-04-21 18:12:45 | INFO |    Trial 23 finished with value: 0.008894534781575203 and parameters: {'n_lstm_units': 9, 'n_dense_units': 7, 'n_embedding_dim': 9, 'learning_rate': 0.0009718319944817398}. Best is trial 23 with value: 0.008894534781575203 and R2: 0.9526582360267639.
2024-04-21 18:12:54 | INFO |    Trial 24 finished with value: 0.09674815088510513 and parameters: {'n_lstm_units': 7, 'n_dense_units': 6, 'n_embedding_dim': 3, 'learning_rate': 0.00016435497475111326}. Best is trial 23 with value: 0.008894534781575203 and R2: 0.9526582360267639.
2024-04-21 18:13:03 | INFO |    Trial 25 finished with value: 0.015112313441932201 and parameters: {'n_lstm_units': 3, 'n_dense_units': 8, 'n_embedding_dim': 5, 'learning_rate': 0.0010402587615883842}. Best is trial 23 with value: 0.008894534781575203 and R2: 0.9526582360267639.
2024-04-21 18:13:19 | INFO |    Trial 26 finished with value: 0.12659335136413574 and parameters: {'n_lstm_units': 10, 'n_dense_units': 4, 'n_embedding_dim': 6, 'learning_rate': 0.0032441600887341587}. Best is trial 23 with value: 0.008894534781575203 and R2: 0.9526582360267639.
2024-04-21 18:13:28 | INFO |    Trial 27 finished with value: 0.15004318952560425 and parameters: {'n_lstm_units': 4, 'n_dense_units': 3, 'n_embedding_dim': 5, 'learning_rate': 0.00021010799310103572}. Best is trial 23 with value: 0.008894534781575203 and R2: 0.9526582360267639.
2024-04-21 18:13:44 | INFO |    Trial 28 finished with value: 0.031944796442985535 and parameters: {'n_lstm_units': 10, 'n_dense_units': 9, 'n_embedding_dim': 8, 'learning_rate': 0.005532496914298506}. Best is trial 23 with value: 0.008894534781575203 and R2: 0.9526582360267639.
2024-04-21 18:13:58 | INFO |    Trial 29 finished with value: 0.008423381485044956 and parameters: {'n_lstm_units': 9, 'n_dense_units': 4, 'n_embedding_dim': 10, 'learning_rate': 0.0011986281799901185}. Best is trial 29 with value: 0.008423381485044956 and R2: 0.9551659822463989.
2024-04-21 18:14:09 | INFO |    Trial 30 finished with value: 0.01591143012046814 and parameters: {'n_lstm_units': 9, 'n_dense_units': 10, 'n_embedding_dim': 5, 'learning_rate': 0.00016599837974449222}. Best is trial 29 with value: 0.008423381485044956 and R2: 0.9551659822463989.
2024-04-21 18:14:19 | INFO |    Trial 31 finished with value: 0.01050860621035099 and parameters: {'n_lstm_units': 4, 'n_dense_units': 6, 'n_embedding_dim': 9, 'learning_rate': 0.005265761277157428}. Best is trial 29 with value: 0.008423381485044956 and R2: 0.9551659822463989.
2024-04-21 18:14:28 | INFO |    Trial 32 finished with value: 0.05189542844891548 and parameters: {'n_lstm_units': 3, 'n_dense_units': 7, 'n_embedding_dim': 6, 'learning_rate': 0.00027810936979265544}. Best is trial 29 with value: 0.008423381485044956 and R2: 0.9551659822463989.
2024-04-21 18:14:38 | INFO |    Trial 33 finished with value: 0.027156461030244827 and parameters: {'n_lstm_units': 3, 'n_dense_units': 5, 'n_embedding_dim': 10, 'learning_rate': 0.00044300218067679835}. Best is trial 29 with value: 0.008423381485044956 and R2: 0.9551659822463989.
2024-04-21 18:14:48 | INFO |    Trial 34 finished with value: 0.009174983948469162 and parameters: {'n_lstm_units': 7, 'n_dense_units': 8, 'n_embedding_dim': 5, 'learning_rate': 0.008781408196485976}. Best is trial 29 with value: 0.008423381485044956 and R2: 0.9551659822463989.
2024-04-21 18:15:03 | INFO |    Trial 35 finished with value: 0.010339651256799698 and parameters: {'n_lstm_units': 10, 'n_dense_units': 5, 'n_embedding_dim': 6, 'learning_rate': 0.0003997206819121809}. Best is trial 29 with value: 0.008423381485044956 and R2: 0.9551659822463989.
2024-04-21 18:15:12 | INFO |    Trial 36 finished with value: 0.010449237190186977 and parameters: {'n_lstm_units': 5, 'n_dense_units': 3, 'n_embedding_dim': 7, 'learning_rate': 0.0010124137770478635}. Best is trial 29 with value: 0.008423381485044956 and R2: 0.9551659822463989.
2024-04-21 18:15:22 | INFO |    Trial 37 finished with value: 0.0565323643386364 and parameters: {'n_lstm_units': 3, 'n_dense_units': 5, 'n_embedding_dim': 10, 'learning_rate': 0.00030138649046798047}. Best is trial 29 with value: 0.008423381485044956 and R2: 0.9551659822463989.
2024-04-21 18:15:32 | INFO |    Trial 38 finished with value: 0.019200511276721954 and parameters: {'n_lstm_units': 4, 'n_dense_units': 6, 'n_embedding_dim': 10, 'learning_rate': 0.000304867088345807}. Best is trial 29 with value: 0.008423381485044956 and R2: 0.9551659822463989.
2024-04-21 18:15:42 | INFO |    Trial 39 finished with value: 0.01255127601325512 and parameters: {'n_lstm_units': 8, 'n_dense_units': 9, 'n_embedding_dim': 4, 'learning_rate': 0.0028604390429824616}. Best is trial 29 with value: 0.008423381485044956 and R2: 0.9551659822463989.
2024-04-21 18:15:51 | INFO |    Trial 40 finished with value: 0.008177117444574833 and parameters: {'n_lstm_units': 5, 'n_dense_units': 8, 'n_embedding_dim': 8, 'learning_rate': 0.0011790965486776312}. Best is trial 40 with value: 0.008177117444574833 and R2: 0.9564767479896545.
2024-04-21 18:16:00 | INFO |    Trial 41 finished with value: 0.05149684473872185 and parameters: {'n_lstm_units': 3, 'n_dense_units': 9, 'n_embedding_dim': 5, 'learning_rate': 0.00023606794572813083}. Best is trial 40 with value: 0.008177117444574833 and R2: 0.9564767479896545.
2024-04-21 18:16:10 | INFO |    Trial 42 finished with value: 0.1233711913228035 and parameters: {'n_lstm_units': 3, 'n_dense_units': 7, 'n_embedding_dim': 8, 'learning_rate': 0.00010793832090127293}. Best is trial 40 with value: 0.008177117444574833 and R2: 0.9564767479896545.
2024-04-21 18:16:19 | INFO |    Trial 43 finished with value: 0.013503888621926308 and parameters: {'n_lstm_units': 7, 'n_dense_units': 4, 'n_embedding_dim': 8, 'learning_rate': 0.00022321987366901572}. Best is trial 40 with value: 0.008177117444574833 and R2: 0.9564767479896545.
2024-04-21 18:16:30 | INFO |    Trial 44 finished with value: 0.00857627298682928 and parameters: {'n_lstm_units': 8, 'n_dense_units': 6, 'n_embedding_dim': 10, 'learning_rate': 0.00018838307787619773}. Best is trial 40 with value: 0.008177117444574833 and R2: 0.9564767479896545.
2024-04-21 18:16:40 | INFO |    Trial 45 finished with value: 0.01181007456034422 and parameters: {'n_lstm_units': 5, 'n_dense_units': 3, 'n_embedding_dim': 10, 'learning_rate': 0.005684322462212271}. Best is trial 40 with value: 0.008177117444574833 and R2: 0.9564767479896545.
2024-04-21 18:16:50 | INFO |    Trial 46 finished with value: 0.008106282912194729 and parameters: {'n_lstm_units': 5, 'n_dense_units': 8, 'n_embedding_dim': 9, 'learning_rate': 0.0012894414393074191}. Best is trial 46 with value: 0.008106282912194729 and R2: 0.9568537473678589.
2024-04-21 18:16:59 | INFO |    Trial 47 finished with value: 0.00988241657614708 and parameters: {'n_lstm_units': 7, 'n_dense_units': 4, 'n_embedding_dim': 3, 'learning_rate': 0.00622918911318856}. Best is trial 46 with value: 0.008106282912194729 and R2: 0.9568537473678589.
2024-04-21 18:17:14 | INFO |    Trial 48 finished with value: 0.014769874513149261 and parameters: {'n_lstm_units': 10, 'n_dense_units': 8, 'n_embedding_dim': 5, 'learning_rate': 0.0004993662066506425}. Best is trial 46 with value: 0.008106282912194729 and R2: 0.9568537473678589.
2024-04-21 18:17:27 | INFO |    Trial 49 finished with value: 0.019387397915124893 and parameters: {'n_lstm_units': 8, 'n_dense_units': 10, 'n_embedding_dim': 10, 'learning_rate': 0.003628700225554068}. Best is trial 46 with value: 0.008106282912194729 and R2: 0.9568537473678589.
2024-04-21 18:17:27 | INFO |    Best Trial: 46 with MSE value: 0.008106282912194729
2024-04-21 18:17:27 | INFO |    Best Params
2024-04-21 18:17:27 | INFO |    LSTM units       |32
2024-04-21 18:17:27 | INFO |    Dense units      |256
2024-04-21 18:17:27 | INFO |    Embedding units  |512
2024-04-21 18:17:27 | INFO |    learning rate    |0.0012894414393074191
2024-04-21 18:17:27 | INFO |    
2024-04-21 18:17:27 | INFO |    ***Training of the best model.***
2024-04-21 18:17:52 | INFO |    Training Finished!!!
2024-04-21 18:17:53 | INFO |    Best val_loss @ Epoch #30
2024-04-21 18:17:53 | INFO |    ***Predictions from the best model.***
2024-04-21 18:17:54 | INFO |    For the training set:
2024-04-21 18:17:54 | INFO |    MAE: 0.3375 RMSE: 0.4815 R^2: 0.9837
2024-04-21 18:17:54 | INFO |    For the validation set:
2024-04-21 18:17:54 | INFO |    MAE: 0.5541 RMSE: 0.8619 R^2: 0.9665
2024-04-21 18:17:54 | INFO |    For the test set:
2024-04-21 18:17:54 | INFO |    MAE: 0.5176 RMSE: 0.7358 R^2: 0.9489
