2024-04-02 17:47:05 | INFO |    OS: Windows
2024-04-02 17:47:05 | INFO |    precision is 32
2024-04-02 17:47:05 | INFO |    ***Sampling and splitting of the dataset.***
2024-04-02 17:47:05 | INFO |    Train/valid/test splits:0.80/0.10/0.10
2024-04-02 17:47:05 | INFO |    Setup Polymer Tokens.
2024-04-02 17:47:05 | INFO |    ***Data augmentation is True.***
2024-04-02 17:47:05 | INFO |    Augmented SMILES data size:
2024-04-02 17:50:45 | INFO |    	Training set   | 53168
2024-04-02 17:50:45 | INFO |    	Validation set | 6665
2024-04-02 17:50:45 | INFO |    	Test set       | 6635
2024-04-02 18:00:09 | INFO |    Trial 0 finished with value: 0.01695992797613144 and parameters: {'n_conv_hidden_layer': 3, 'n_dense_hidden_layer': 4, 'n_graph_dim': 3, 'n_dense_dim': 4, 'drop_rate': 0.1, 'n_batch_size': 5, 'learning_rate': 0.0003620600725744741}. Best is trial 0 with value: 0.01695992797613144 and R2: 0.8051527738571167.
2024-04-02 18:06:06 | INFO |    Trial 1 finished with value: 0.016782231628894806 and parameters: {'n_conv_hidden_layer': 2, 'n_dense_hidden_layer': 2, 'n_graph_dim': 5, 'n_dense_dim': 5, 'drop_rate': 0.4, 'n_batch_size': 6, 'learning_rate': 0.043087600478391316}. Best is trial 1 with value: 0.016782231628894806 and R2: 0.8071942925453186.
2024-04-02 18:11:55 | INFO |    Trial 2 finished with value: 0.015038911253213882 and parameters: {'n_conv_hidden_layer': 1, 'n_dense_hidden_layer': 4, 'n_graph_dim': 5, 'n_dense_dim': 5, 'drop_rate': 0.1, 'n_batch_size': 6, 'learning_rate': 0.025248390936171015}. Best is trial 2 with value: 0.015038911253213882 and R2: 0.8272227644920349.
2024-04-02 18:20:54 | INFO |    Trial 3 finished with value: 0.016319725662469864 and parameters: {'n_conv_hidden_layer': 5, 'n_dense_hidden_layer': 2, 'n_graph_dim': 6, 'n_dense_dim': 7, 'drop_rate': 0.5, 'n_batch_size': 5, 'learning_rate': 0.0001309677449377761}. Best is trial 2 with value: 0.015038911253213882 and R2: 0.8272227644920349.
2024-04-02 18:24:17 | INFO |    Trial 4 finished with value: 0.01856410689651966 and parameters: {'n_conv_hidden_layer': 1, 'n_dense_hidden_layer': 5, 'n_graph_dim': 3, 'n_dense_dim': 5, 'drop_rate': 0.5, 'n_batch_size': 8, 'learning_rate': 0.011902312313548788}. Best is trial 2 with value: 0.015038911253213882 and R2: 0.8272227644920349.
2024-04-02 18:27:55 | INFO |    Trial 5 finished with value: 0.02139696292579174 and parameters: {'n_conv_hidden_layer': 2, 'n_dense_hidden_layer': 4, 'n_graph_dim': 7, 'n_dense_dim': 3, 'drop_rate': 0.4, 'n_batch_size': 10, 'learning_rate': 0.017558886158773757}. Best is trial 2 with value: 0.015038911253213882 and R2: 0.8272227644920349.
2024-04-02 18:33:39 | INFO |    Trial 6 finished with value: 0.02164350263774395 and parameters: {'n_conv_hidden_layer': 2, 'n_dense_hidden_layer': 4, 'n_graph_dim': 3, 'n_dense_dim': 5, 'drop_rate': 0.5, 'n_batch_size': 6, 'learning_rate': 0.0007300053042915264}. Best is trial 2 with value: 0.015038911253213882 and R2: 0.8272227644920349.
2024-04-02 18:37:46 | INFO |    Trial 7 finished with value: 0.019732486456632614 and parameters: {'n_conv_hidden_layer': 1, 'n_dense_hidden_layer': 1, 'n_graph_dim': 6, 'n_dense_dim': 4, 'drop_rate': 0.2, 'n_batch_size': 7, 'learning_rate': 0.00014457314723643997}. Best is trial 2 with value: 0.015038911253213882 and R2: 0.8272227644920349.
2024-04-02 18:41:56 | INFO |    Trial 8 finished with value: 0.01267507765442133 and parameters: {'n_conv_hidden_layer': 3, 'n_dense_hidden_layer': 1, 'n_graph_dim': 5, 'n_dense_dim': 6, 'drop_rate': 0.1, 'n_batch_size': 7, 'learning_rate': 0.012111570825917514}. Best is trial 8 with value: 0.01267507765442133 and R2: 0.8543801307678223.
2024-04-02 18:44:49 | INFO |    Trial 9 finished with value: 0.014601007103919983 and parameters: {'n_conv_hidden_layer': 3, 'n_dense_hidden_layer': 1, 'n_graph_dim': 5, 'n_dense_dim': 6, 'drop_rate': 0.30000000000000004, 'n_batch_size': 10, 'learning_rate': 0.005749963945531071}. Best is trial 8 with value: 0.01267507765442133 and R2: 0.8543801307678223.
2024-04-02 18:54:13 | INFO |    Trial 10 finished with value: 1.323923110961914 and parameters: {'n_conv_hidden_layer': 5, 'n_dense_hidden_layer': 1, 'n_graph_dim': 3, 'n_dense_dim': 7, 'drop_rate': 0.2, 'n_batch_size': 5, 'learning_rate': 0.060607412224906856}. Best is trial 8 with value: 0.01267507765442133 and R2: 0.8543801307678223.
2024-04-02 18:57:20 | INFO |    Trial 11 finished with value: 0.01898895390331745 and parameters: {'n_conv_hidden_layer': 2, 'n_dense_hidden_layer': 4, 'n_graph_dim': 6, 'n_dense_dim': 7, 'drop_rate': 0.4, 'n_batch_size': 9, 'learning_rate': 0.0011135123186253584}. Best is trial 8 with value: 0.01267507765442133 and R2: 0.8543801307678223.
2024-04-02 19:00:40 | INFO |    Trial 12 finished with value: 0.026527127251029015 and parameters: {'n_conv_hidden_layer': 2, 'n_dense_hidden_layer': 5, 'n_graph_dim': 5, 'n_dense_dim': 7, 'drop_rate': 0.4, 'n_batch_size': 8, 'learning_rate': 0.0002209214672153881}. Best is trial 8 with value: 0.01267507765442133 and R2: 0.8543801307678223.
2024-04-02 19:03:43 | INFO |    Trial 13 finished with value: 0.014063142240047455 and parameters: {'n_conv_hidden_layer': 5, 'n_dense_hidden_layer': 3, 'n_graph_dim': 5, 'n_dense_dim': 5, 'drop_rate': 0.2, 'n_batch_size': 10, 'learning_rate': 0.005260638512072054}. Best is trial 8 with value: 0.01267507765442133 and R2: 0.8543801307678223.
2024-04-02 19:07:50 | INFO |    Trial 14 finished with value: 0.01776108331978321 and parameters: {'n_conv_hidden_layer': 1, 'n_dense_hidden_layer': 4, 'n_graph_dim': 4, 'n_dense_dim': 5, 'drop_rate': 0.5, 'n_batch_size': 7, 'learning_rate': 0.053162506982005885}. Best is trial 8 with value: 0.01267507765442133 and R2: 0.8543801307678223.
2024-04-02 19:13:41 | INFO |    Trial 15 finished with value: 0.015022998675704002 and parameters: {'n_conv_hidden_layer': 4, 'n_dense_hidden_layer': 1, 'n_graph_dim': 7, 'n_dense_dim': 6, 'drop_rate': 0.5, 'n_batch_size': 6, 'learning_rate': 0.0002578738171385281}. Best is trial 8 with value: 0.01267507765442133 and R2: 0.8543801307678223.
2024-04-02 19:16:21 | INFO |    Trial 16 finished with value: 0.01704324595630169 and parameters: {'n_conv_hidden_layer': 5, 'n_dense_hidden_layer': 4, 'n_graph_dim': 3, 'n_dense_dim': 6, 'drop_rate': 0.4, 'n_batch_size': 10, 'learning_rate': 0.013632461375504066}. Best is trial 8 with value: 0.01267507765442133 and R2: 0.8543801307678223.
2024-04-02 19:19:04 | INFO |    Trial 17 finished with value: 0.019604206085205078 and parameters: {'n_conv_hidden_layer': 1, 'n_dense_hidden_layer': 1, 'n_graph_dim': 3, 'n_dense_dim': 3, 'drop_rate': 0.2, 'n_batch_size': 10, 'learning_rate': 0.00413516832983145}. Best is trial 8 with value: 0.01267507765442133 and R2: 0.8543801307678223.
2024-04-02 19:21:46 | INFO |    Trial 18 finished with value: 0.021106339991092682 and parameters: {'n_conv_hidden_layer': 3, 'n_dense_hidden_layer': 5, 'n_graph_dim': 3, 'n_dense_dim': 4, 'drop_rate': 0.30000000000000004, 'n_batch_size': 10, 'learning_rate': 0.004820484133908542}. Best is trial 8 with value: 0.01267507765442133 and R2: 0.8543801307678223.
2024-04-02 19:24:46 | INFO |    Trial 19 finished with value: 0.01598224975168705 and parameters: {'n_conv_hidden_layer': 1, 'n_dense_hidden_layer': 5, 'n_graph_dim': 4, 'n_dense_dim': 7, 'drop_rate': 0.2, 'n_batch_size': 10, 'learning_rate': 0.017432710909292645}. Best is trial 8 with value: 0.01267507765442133 and R2: 0.8543801307678223.
2024-04-02 19:34:22 | INFO |    Trial 20 finished with value: 0.01677221804857254 and parameters: {'n_conv_hidden_layer': 3, 'n_dense_hidden_layer': 1, 'n_graph_dim': 3, 'n_dense_dim': 3, 'drop_rate': 0.1, 'n_batch_size': 5, 'learning_rate': 0.00047547535988922844}. Best is trial 8 with value: 0.01267507765442133 and R2: 0.8543801307678223.
2024-04-02 19:37:58 | INFO |    Trial 21 finished with value: 0.06561151146888733 and parameters: {'n_conv_hidden_layer': 4, 'n_dense_hidden_layer': 3, 'n_graph_dim': 3, 'n_dense_dim': 3, 'drop_rate': 0.5, 'n_batch_size': 8, 'learning_rate': 0.00040726745242791637}. Best is trial 8 with value: 0.01267507765442133 and R2: 0.8543801307678223.
2024-04-02 19:40:43 | INFO |    Trial 22 finished with value: 0.0760689228773117 and parameters: {'n_conv_hidden_layer': 2, 'n_dense_hidden_layer': 4, 'n_graph_dim': 3, 'n_dense_dim': 5, 'drop_rate': 0.5, 'n_batch_size': 10, 'learning_rate': 0.0005242558404972403}. Best is trial 8 with value: 0.01267507765442133 and R2: 0.8543801307678223.
2024-04-02 19:50:22 | INFO |    Trial 23 finished with value: 0.016498925164341927 and parameters: {'n_conv_hidden_layer': 3, 'n_dense_hidden_layer': 4, 'n_graph_dim': 7, 'n_dense_dim': 3, 'drop_rate': 0.1, 'n_batch_size': 5, 'learning_rate': 0.002877632520197786}. Best is trial 8 with value: 0.01267507765442133 and R2: 0.8543801307678223.
2024-04-02 19:55:02 | INFO |    Trial 24 finished with value: 0.013084297999739647 and parameters: {'n_conv_hidden_layer': 4, 'n_dense_hidden_layer': 3, 'n_graph_dim': 4, 'n_dense_dim': 7, 'drop_rate': 0.30000000000000004, 'n_batch_size': 7, 'learning_rate': 0.004496190020585656}. Best is trial 8 with value: 0.01267507765442133 and R2: 0.8543801307678223.
2024-04-02 19:58:31 | INFO |    Trial 25 finished with value: 0.029507288709282875 and parameters: {'n_conv_hidden_layer': 4, 'n_dense_hidden_layer': 4, 'n_graph_dim': 4, 'n_dense_dim': 3, 'drop_rate': 0.2, 'n_batch_size': 8, 'learning_rate': 0.00042709258331689805}. Best is trial 8 with value: 0.01267507765442133 and R2: 0.8543801307678223.
2024-04-02 20:02:13 | INFO |    Trial 26 finished with value: 0.012980204075574875 and parameters: {'n_conv_hidden_layer': 4, 'n_dense_hidden_layer': 1, 'n_graph_dim': 4, 'n_dense_dim': 7, 'drop_rate': 0.1, 'n_batch_size': 8, 'learning_rate': 0.003749824371356465}. Best is trial 8 with value: 0.01267507765442133 and R2: 0.8543801307678223.
2024-04-02 20:05:13 | INFO |    Trial 27 finished with value: 0.017460186034440994 and parameters: {'n_conv_hidden_layer': 5, 'n_dense_hidden_layer': 2, 'n_graph_dim': 3, 'n_dense_dim': 6, 'drop_rate': 0.4, 'n_batch_size': 10, 'learning_rate': 0.06250520841213072}. Best is trial 8 with value: 0.01267507765442133 and R2: 0.8543801307678223.
2024-04-02 20:08:51 | INFO |    Trial 28 finished with value: 0.014424402266740799 and parameters: {'n_conv_hidden_layer': 1, 'n_dense_hidden_layer': 2, 'n_graph_dim': 6, 'n_dense_dim': 7, 'drop_rate': 0.5, 'n_batch_size': 8, 'learning_rate': 0.055823755414885816}. Best is trial 8 with value: 0.01267507765442133 and R2: 0.8543801307678223.
2024-04-02 20:11:40 | INFO |    Trial 29 finished with value: 0.01622784696519375 and parameters: {'n_conv_hidden_layer': 4, 'n_dense_hidden_layer': 2, 'n_graph_dim': 5, 'n_dense_dim': 6, 'drop_rate': 0.30000000000000004, 'n_batch_size': 10, 'learning_rate': 0.05704273062008818}. Best is trial 8 with value: 0.01267507765442133 and R2: 0.8543801307678223.
2024-04-02 20:15:06 | INFO |    Trial 30 finished with value: 0.05460638552904129 and parameters: {'n_conv_hidden_layer': 2, 'n_dense_hidden_layer': 5, 'n_graph_dim': 3, 'n_dense_dim': 3, 'drop_rate': 0.1, 'n_batch_size': 8, 'learning_rate': 0.00011603110169737989}. Best is trial 8 with value: 0.01267507765442133 and R2: 0.8543801307678223.
2024-04-02 20:24:38 | INFO |    Trial 31 finished with value: 0.01915151998400688 and parameters: {'n_conv_hidden_layer': 5, 'n_dense_hidden_layer': 5, 'n_graph_dim': 3, 'n_dense_dim': 3, 'drop_rate': 0.2, 'n_batch_size': 5, 'learning_rate': 0.02682082153537788}. Best is trial 8 with value: 0.01267507765442133 and R2: 0.8543801307678223.
2024-04-02 20:27:40 | INFO |    Trial 32 finished with value: 0.019392387941479683 and parameters: {'n_conv_hidden_layer': 2, 'n_dense_hidden_layer': 5, 'n_graph_dim': 5, 'n_dense_dim': 7, 'drop_rate': 0.5, 'n_batch_size': 10, 'learning_rate': 0.0023968496779361048}. Best is trial 8 with value: 0.01267507765442133 and R2: 0.8543801307678223.
2024-04-02 20:37:13 | INFO |    Trial 33 finished with value: 0.01697402633726597 and parameters: {'n_conv_hidden_layer': 3, 'n_dense_hidden_layer': 4, 'n_graph_dim': 4, 'n_dense_dim': 5, 'drop_rate': 0.30000000000000004, 'n_batch_size': 5, 'learning_rate': 0.0060317623845864395}. Best is trial 8 with value: 0.01267507765442133 and R2: 0.8543801307678223.
2024-04-02 20:43:13 | INFO |    Trial 34 finished with value: 0.015953905880451202 and parameters: {'n_conv_hidden_layer': 3, 'n_dense_hidden_layer': 5, 'n_graph_dim': 4, 'n_dense_dim': 7, 'drop_rate': 0.30000000000000004, 'n_batch_size': 6, 'learning_rate': 0.023109348472239197}. Best is trial 8 with value: 0.01267507765442133 and R2: 0.8543801307678223.
2024-04-02 20:52:44 | INFO |    Trial 35 finished with value: 0.018456216901540756 and parameters: {'n_conv_hidden_layer': 4, 'n_dense_hidden_layer': 1, 'n_graph_dim': 5, 'n_dense_dim': 6, 'drop_rate': 0.5, 'n_batch_size': 5, 'learning_rate': 0.08516819576644914}. Best is trial 8 with value: 0.01267507765442133 and R2: 0.8543801307678223.
2024-04-02 20:56:11 | INFO |    Trial 36 finished with value: 0.01588250882923603 and parameters: {'n_conv_hidden_layer': 2, 'n_dense_hidden_layer': 5, 'n_graph_dim': 6, 'n_dense_dim': 7, 'drop_rate': 0.30000000000000004, 'n_batch_size': 8, 'learning_rate': 0.0007189999250101482}. Best is trial 8 with value: 0.01267507765442133 and R2: 0.8543801307678223.
2024-04-02 21:00:20 | INFO |    Trial 37 finished with value: 0.02233164943754673 and parameters: {'n_conv_hidden_layer': 3, 'n_dense_hidden_layer': 4, 'n_graph_dim': 7, 'n_dense_dim': 6, 'drop_rate': 0.4, 'n_batch_size': 10, 'learning_rate': 0.0009290583490713025}. Best is trial 8 with value: 0.01267507765442133 and R2: 0.8543801307678223.
2024-04-02 21:06:26 | INFO |    Trial 38 finished with value: 0.01587231270968914 and parameters: {'n_conv_hidden_layer': 4, 'n_dense_hidden_layer': 3, 'n_graph_dim': 4, 'n_dense_dim': 5, 'drop_rate': 0.30000000000000004, 'n_batch_size': 6, 'learning_rate': 0.007341048676350364}. Best is trial 8 with value: 0.01267507765442133 and R2: 0.8543801307678223.
2024-04-02 21:10:41 | INFO |    Trial 39 finished with value: 0.016201458871364594 and parameters: {'n_conv_hidden_layer': 3, 'n_dense_hidden_layer': 5, 'n_graph_dim': 6, 'n_dense_dim': 3, 'drop_rate': 0.30000000000000004, 'n_batch_size': 7, 'learning_rate': 0.024712484610913372}. Best is trial 8 with value: 0.01267507765442133 and R2: 0.8543801307678223.
2024-04-02 21:14:22 | INFO |    Trial 40 finished with value: 0.018600454553961754 and parameters: {'n_conv_hidden_layer': 5, 'n_dense_hidden_layer': 5, 'n_graph_dim': 6, 'n_dense_dim': 4, 'drop_rate': 0.2, 'n_batch_size': 10, 'learning_rate': 0.0038295164457230364}. Best is trial 8 with value: 0.01267507765442133 and R2: 0.8543801307678223.
2024-04-02 21:18:13 | INFO |    Trial 41 finished with value: 0.016926608979701996 and parameters: {'n_conv_hidden_layer': 5, 'n_dense_hidden_layer': 3, 'n_graph_dim': 6, 'n_dense_dim': 5, 'drop_rate': 0.4, 'n_batch_size': 8, 'learning_rate': 0.0024953394681421145}. Best is trial 8 with value: 0.01267507765442133 and R2: 0.8543801307678223.
2024-04-02 21:24:16 | INFO |    Trial 42 finished with value: 0.019572224467992783 and parameters: {'n_conv_hidden_layer': 2, 'n_dense_hidden_layer': 1, 'n_graph_dim': 4, 'n_dense_dim': 3, 'drop_rate': 0.5, 'n_batch_size': 6, 'learning_rate': 0.027263153774716022}. Best is trial 8 with value: 0.01267507765442133 and R2: 0.8543801307678223.
2024-04-02 21:30:48 | INFO |    Trial 43 finished with value: 0.028159473091363907 and parameters: {'n_conv_hidden_layer': 5, 'n_dense_hidden_layer': 4, 'n_graph_dim': 5, 'n_dense_dim': 3, 'drop_rate': 0.30000000000000004, 'n_batch_size': 7, 'learning_rate': 0.0004732818756302549}. Best is trial 8 with value: 0.01267507765442133 and R2: 0.8543801307678223.
2024-04-02 21:40:02 | INFO |    Trial 44 finished with value: 0.011238276027143002 and parameters: {'n_conv_hidden_layer': 3, 'n_dense_hidden_layer': 2, 'n_graph_dim': 7, 'n_dense_dim': 7, 'drop_rate': 0.2, 'n_batch_size': 5, 'learning_rate': 0.00037921734741614614}. Best is trial 44 with value: 0.011238276027143002 and R2: 0.870887041091919.
2024-04-02 21:44:12 | INFO |    Trial 45 finished with value: 0.0170949324965477 and parameters: {'n_conv_hidden_layer': 3, 'n_dense_hidden_layer': 4, 'n_graph_dim': 4, 'n_dense_dim': 4, 'drop_rate': 0.5, 'n_batch_size': 7, 'learning_rate': 0.007080357743110291}. Best is trial 44 with value: 0.011238276027143002 and R2: 0.870887041091919.
2024-04-02 21:47:25 | INFO |    Trial 46 finished with value: 0.013130075298249722 and parameters: {'n_conv_hidden_layer': 2, 'n_dense_hidden_layer': 1, 'n_graph_dim': 5, 'n_dense_dim': 5, 'drop_rate': 0.1, 'n_batch_size': 8, 'learning_rate': 0.004285784762532878}. Best is trial 44 with value: 0.011238276027143002 and R2: 0.870887041091919.
2024-04-02 21:50:51 | INFO |    Trial 47 finished with value: 0.032894425094127655 and parameters: {'n_conv_hidden_layer': 4, 'n_dense_hidden_layer': 1, 'n_graph_dim': 6, 'n_dense_dim': 4, 'drop_rate': 0.30000000000000004, 'n_batch_size': 9, 'learning_rate': 0.00011667862001407025}. Best is trial 44 with value: 0.011238276027143002 and R2: 0.870887041091919.
2024-04-02 21:54:26 | INFO |    Trial 48 finished with value: 0.016564616933465004 and parameters: {'n_conv_hidden_layer': 2, 'n_dense_hidden_layer': 5, 'n_graph_dim': 7, 'n_dense_dim': 5, 'drop_rate': 0.5, 'n_batch_size': 10, 'learning_rate': 0.030145395973045407}. Best is trial 44 with value: 0.011238276027143002 and R2: 0.870887041091919.
2024-04-02 21:58:07 | INFO |    Trial 49 finished with value: 0.023219618946313858 and parameters: {'n_conv_hidden_layer': 5, 'n_dense_hidden_layer': 1, 'n_graph_dim': 6, 'n_dense_dim': 6, 'drop_rate': 0.4, 'n_batch_size': 9, 'learning_rate': 0.00012697366624508764}. Best is trial 44 with value: 0.011238276027143002 and R2: 0.870887041091919.
2024-04-02 21:58:07 | INFO |    Best Trial: 44 with MSE value: 0.011238276027143002
2024-04-02 21:58:07 | INFO |    Best Params
2024-04-02 21:58:07 | INFO |    Conv hidden layers  |3
2024-04-02 21:58:07 | INFO |    Dense hidden layers |2
2024-04-02 21:58:07 | INFO |    Graph dim           |128
2024-04-02 21:58:07 | INFO |    Dense dim           |128
2024-04-02 21:58:07 | INFO |    Drop rate           |0.2
2024-04-02 21:58:07 | INFO |    Batch size          |32
2024-04-02 21:58:07 | INFO |    learning rate       |0.00037921734741614614
2024-04-02 21:58:07 | INFO |    
2024-04-02 21:58:07 | INFO |    ***Training of the best model.***
2024-04-02 22:22:39 | INFO |    Training Finished!!!
2024-04-02 22:22:40 | INFO |    Best val_loss @ Epoch #11
2024-04-02 22:22:40 | INFO |    ***Predictions from the best model.***
2024-04-02 22:23:00 | INFO |    For the training set:
2024-04-02 22:23:00 | INFO |    MAE: 24.6749 RMSE: 33.6694 R^2: 0.9063
2024-04-02 22:23:00 | INFO |    For the validation set:
2024-04-02 22:23:00 | INFO |    MAE: 27.5765 RMSE: 39.4832 R^2: 0.8564
2024-04-02 22:23:00 | INFO |    For the test set:
2024-04-02 22:23:00 | INFO |    MAE: 30.4202 RMSE: 42.9381 R^2: 0.8565
