2024-04-12 23:09:36 | INFO |    OS: Windows
2024-04-12 23:09:36 | INFO |    precision is 32
2024-04-12 23:09:36 | INFO |    ***Sampling and splitting of the dataset.***
2024-04-12 23:09:36 | INFO |    Train/valid/test splits:0.80/0.10/0.10
2024-04-12 23:09:36 | INFO |    Setup Molecule Tokens.
2024-04-12 23:09:36 | INFO |    ***Data augmentation is True.***
2024-04-12 23:09:36 | INFO |    Augmented selfies data size:
2024-04-12 23:09:37 | INFO |    	Training set   | 4345
2024-04-12 23:09:37 | INFO |    	Validation set | 517
2024-04-12 23:09:37 | INFO |    	Test set       | 493
2024-04-12 23:09:37 | INFO |    Number of tokens only present in a training set: 42
2024-04-12 23:09:37 | INFO |    Number of tokens only present in a validation set: 34
2024-04-12 23:09:37 | INFO |    Is the validation set a subset of the training set: True
2024-04-12 23:09:37 | INFO |    What are the tokens by which they differ: set()
2024-04-12 23:09:37 | INFO |    Number of tokens only present in a test set: 30
2024-04-12 23:09:37 | INFO |    Is the test set a subset of the training set: True
2024-04-12 23:09:37 | INFO |    What are the tokens by which they differ: set()
2024-04-12 23:09:37 | INFO |    Is the test set a subset of the validation set: False
2024-04-12 23:09:37 | INFO |    What are the tokens by which they differ: {'[C@]', '[C@@]'}
2024-04-12 23:09:37 | INFO |    Full vocabulary: ['[P]', '[=N]', '[O-1]', '[S+2]', '[O]', '[NH1]', '[C]', '[Branch1]', '[\\Cl]', '[\\O]', '[/C]', '[=P]', '[=O]', '[C@H1]', '[#N]', '[Ring1]', '[F]', '[Cl]', '[=C]', '[C@@]', '[#C]', '[=Branch1]', '[C@@H1]', '[Ring2]', '[/Cl]', ' ', '[/N]', '[Br]', '[\\C]', '[=Ring1]', '[S]', '[I]', '[=S]', '[=Branch2]', '[=N+1]', '[N+1]', '[#Branch1]', '[#Branch2]', '[N]', '[Branch2]', '[=Ring2]', '[C@]']
2024-04-12 23:09:37 | INFO |    Of size: 42
2024-04-12 23:09:37 | INFO |    Maximum length of tokenized selfies: 49 tokens(termination spaces included)
2024-04-12 23:09:56 | INFO |    Trial 0 finished with value: 0.014513860456645489 and parameters: {'n_lstm_units': 5, 'n_dense_units': 10, 'n_embedding_dim': 8, 'n_batch_size': 7, 'learning_rate': 0.0002051338263087451}. Best is trial 0 with value: 0.014513860456645489 and R2: 0.9227490425109863.
2024-04-12 23:10:09 | INFO |    Trial 1 finished with value: 0.014210270717740059 and parameters: {'n_lstm_units': 4, 'n_dense_units': 3, 'n_embedding_dim': 9, 'n_batch_size': 7, 'learning_rate': 0.0026070247583707684}. Best is trial 1 with value: 0.014210270717740059 and R2: 0.9243649244308472.
2024-04-12 23:11:06 | INFO |    Trial 2 finished with value: 0.015558374114334583 and parameters: {'n_lstm_units': 3, 'n_dense_units': 10, 'n_embedding_dim': 9, 'n_batch_size': 4, 'learning_rate': 0.0002310201887845295}. Best is trial 1 with value: 0.014210270717740059 and R2: 0.9243649244308472.
2024-04-12 23:11:25 | INFO |    Trial 3 finished with value: 0.015703558921813965 and parameters: {'n_lstm_units': 4, 'n_dense_units': 5, 'n_embedding_dim': 7, 'n_batch_size': 6, 'learning_rate': 0.0003823475224675188}. Best is trial 1 with value: 0.014210270717740059 and R2: 0.9243649244308472.
2024-04-12 23:11:57 | INFO |    Trial 4 finished with value: 0.011042650789022446 and parameters: {'n_lstm_units': 7, 'n_dense_units': 4, 'n_embedding_dim': 5, 'n_batch_size': 5, 'learning_rate': 0.000816845589476017}. Best is trial 4 with value: 0.011042650789022446 and R2: 0.9412247538566589.
2024-04-12 23:12:21 | INFO |    Trial 5 finished with value: 0.014223990961909294 and parameters: {'n_lstm_units': 9, 'n_dense_units': 4, 'n_embedding_dim': 7, 'n_batch_size': 7, 'learning_rate': 0.0001238513729886094}. Best is trial 4 with value: 0.011042650789022446 and R2: 0.9412247538566589.
2024-04-12 23:12:31 | INFO |    Trial 6 finished with value: 0.019971046596765518 and parameters: {'n_lstm_units': 7, 'n_dense_units': 4, 'n_embedding_dim': 3, 'n_batch_size': 10, 'learning_rate': 0.00853618986286683}. Best is trial 4 with value: 0.011042650789022446 and R2: 0.9412247538566589.
2024-04-12 23:12:50 | INFO |    Trial 7 finished with value: 0.02377934381365776 and parameters: {'n_lstm_units': 9, 'n_dense_units': 5, 'n_embedding_dim': 3, 'n_batch_size': 8, 'learning_rate': 0.0007591104805282694}. Best is trial 4 with value: 0.011042650789022446 and R2: 0.9412247538566589.
2024-04-12 23:12:57 | INFO |    Trial 8 finished with value: 0.18264168500900269 and parameters: {'n_lstm_units': 3, 'n_dense_units': 6, 'n_embedding_dim': 3, 'n_batch_size': 10, 'learning_rate': 0.00032927591344236165}. Best is trial 4 with value: 0.011042650789022446 and R2: 0.9412247538566589.
2024-04-12 23:13:15 | INFO |    Trial 9 finished with value: 0.014349762350320816 and parameters: {'n_lstm_units': 8, 'n_dense_units': 5, 'n_embedding_dim': 7, 'n_batch_size': 7, 'learning_rate': 0.00023426581058204064}. Best is trial 4 with value: 0.011042650789022446 and R2: 0.9412247538566589.
2024-04-12 23:14:10 | INFO |    Trial 10 finished with value: 0.06150463595986366 and parameters: {'n_lstm_units': 10, 'n_dense_units': 9, 'n_embedding_dim': 10, 'n_batch_size': 10, 'learning_rate': 0.0015696396388661157}. Best is trial 4 with value: 0.011042650789022446 and R2: 0.9412247538566589.
2024-04-12 23:20:08 | INFO |    Trial 11 finished with value: 0.010436378419399261 and parameters: {'n_lstm_units': 10, 'n_dense_units': 3, 'n_embedding_dim': 4, 'n_batch_size': 3, 'learning_rate': 0.0004473636174621269}. Best is trial 11 with value: 0.010436378419399261 and R2: 0.9444516897201538.
2024-04-12 23:20:44 | INFO |    Trial 12 finished with value: 0.010419653728604317 and parameters: {'n_lstm_units': 6, 'n_dense_units': 5, 'n_embedding_dim': 9, 'n_batch_size': 5, 'learning_rate': 0.0003646439558980723}. Best is trial 12 with value: 0.010419653728604317 and R2: 0.9445406794548035.
2024-04-12 23:22:44 | INFO |    Trial 13 finished with value: 0.012688582763075829 and parameters: {'n_lstm_units': 7, 'n_dense_units': 4, 'n_embedding_dim': 9, 'n_batch_size': 3, 'learning_rate': 0.009413993046829943}. Best is trial 12 with value: 0.010419653728604317 and R2: 0.9445406794548035.
2024-04-12 23:23:03 | INFO |    Trial 14 finished with value: 0.023771554231643677 and parameters: {'n_lstm_units': 9, 'n_dense_units': 4, 'n_embedding_dim': 3, 'n_batch_size': 9, 'learning_rate': 0.002592475660475161}. Best is trial 12 with value: 0.010419653728604317 and R2: 0.9445406794548035.
2024-04-12 23:23:50 | INFO |    Trial 15 finished with value: 0.028075773268938065 and parameters: {'n_lstm_units': 8, 'n_dense_units': 9, 'n_embedding_dim': 3, 'n_batch_size': 5, 'learning_rate': 0.0001705053926026929}. Best is trial 12 with value: 0.010419653728604317 and R2: 0.9445406794548035.
2024-04-12 23:26:35 | INFO |    Trial 16 finished with value: 0.00949676614254713 and parameters: {'n_lstm_units': 9, 'n_dense_units': 7, 'n_embedding_dim': 5, 'n_batch_size': 3, 'learning_rate': 0.0004187594718900631}. Best is trial 16 with value: 0.00949676614254713 and R2: 0.949452817440033.
2024-04-12 23:26:44 | INFO |    Trial 17 finished with value: 0.02776060253381729 and parameters: {'n_lstm_units': 5, 'n_dense_units': 8, 'n_embedding_dim': 8, 'n_batch_size': 10, 'learning_rate': 0.0008798929749689024}. Best is trial 16 with value: 0.00949676614254713 and R2: 0.949452817440033.
2024-04-12 23:26:59 | INFO |    Trial 18 finished with value: 0.017369044944643974 and parameters: {'n_lstm_units': 3, 'n_dense_units': 8, 'n_embedding_dim': 9, 'n_batch_size': 7, 'learning_rate': 0.003482846706526885}. Best is trial 16 with value: 0.00949676614254713 and R2: 0.949452817440033.
2024-04-12 23:28:59 | INFO |    Trial 19 finished with value: 0.01392807811498642 and parameters: {'n_lstm_units': 6, 'n_dense_units': 7, 'n_embedding_dim': 6, 'n_batch_size': 3, 'learning_rate': 0.00016435497475111326}. Best is trial 16 with value: 0.00949676614254713 and R2: 0.949452817440033.
2024-04-12 23:29:12 | INFO |    Trial 20 finished with value: 0.015517828054726124 and parameters: {'n_lstm_units': 3, 'n_dense_units': 8, 'n_embedding_dim': 5, 'n_batch_size': 7, 'learning_rate': 0.006533305220227739}. Best is trial 16 with value: 0.00949676614254713 and R2: 0.949452817440033.
2024-04-12 23:30:15 | INFO |    Trial 21 finished with value: 0.015539353713393211 and parameters: {'n_lstm_units': 4, 'n_dense_units': 6, 'n_embedding_dim': 9, 'n_batch_size': 4, 'learning_rate': 0.00014254757044027455}. Best is trial 16 with value: 0.00949676614254713 and R2: 0.949452817440033.
2024-04-12 23:30:27 | INFO |    Trial 22 finished with value: 0.016429107636213303 and parameters: {'n_lstm_units': 5, 'n_dense_units': 4, 'n_embedding_dim': 10, 'n_batch_size': 9, 'learning_rate': 0.0018484491720988621}. Best is trial 16 with value: 0.00949676614254713 and R2: 0.949452817440033.
2024-04-12 23:30:48 | INFO |    Trial 23 finished with value: 0.03175649046897888 and parameters: {'n_lstm_units': 9, 'n_dense_units': 9, 'n_embedding_dim': 4, 'n_batch_size': 10, 'learning_rate': 0.0011986281799901185}. Best is trial 16 with value: 0.00949676614254713 and R2: 0.949452817440033.
2024-04-12 23:33:31 | INFO |    Trial 24 finished with value: 0.011329162865877151 and parameters: {'n_lstm_units': 9, 'n_dense_units': 10, 'n_embedding_dim': 5, 'n_batch_size': 3, 'learning_rate': 0.000285673742984719}. Best is trial 16 with value: 0.00949676614254713 and R2: 0.949452817440033.
2024-04-12 23:35:32 | INFO |    Trial 25 finished with value: 0.014782843180000782 and parameters: {'n_lstm_units': 6, 'n_dense_units': 9, 'n_embedding_dim': 9, 'n_batch_size': 3, 'learning_rate': 0.001050738402418141}. Best is trial 16 with value: 0.00949676614254713 and R2: 0.949452817440033.
2024-04-12 23:36:08 | INFO |    Trial 26 finished with value: 0.009316951967775822 and parameters: {'n_lstm_units': 6, 'n_dense_units': 4, 'n_embedding_dim': 3, 'n_batch_size': 5, 'learning_rate': 0.007688106801474953}. Best is trial 26 with value: 0.009316951967775822 and R2: 0.9504098892211914.
2024-04-12 23:36:42 | INFO |    Trial 27 finished with value: 0.014973798766732216 and parameters: {'n_lstm_units': 5, 'n_dense_units': 7, 'n_embedding_dim': 8, 'n_batch_size': 5, 'learning_rate': 0.008781408196485976}. Best is trial 26 with value: 0.009316951967775822 and R2: 0.9504098892211914.
2024-04-12 23:38:31 | INFO |    Trial 28 finished with value: 0.008840104565024376 and parameters: {'n_lstm_units': 10, 'n_dense_units': 5, 'n_embedding_dim': 6, 'n_batch_size': 5, 'learning_rate': 0.00037126241790405324}. Best is trial 28 with value: 0.008840104565024376 and R2: 0.9529479742050171.
2024-04-12 23:40:32 | INFO |    Trial 29 finished with value: 0.01361893955618143 and parameters: {'n_lstm_units': 3, 'n_dense_units': 7, 'n_embedding_dim': 7, 'n_batch_size': 3, 'learning_rate': 0.0003608219327363787}. Best is trial 28 with value: 0.008840104565024376 and R2: 0.9529479742050171.
2024-04-12 23:41:51 | INFO |    Trial 30 finished with value: 0.14802978932857513 and parameters: {'n_lstm_units': 10, 'n_dense_units': 4, 'n_embedding_dim': 4, 'n_batch_size': 6, 'learning_rate': 0.009360540102485375}. Best is trial 28 with value: 0.008840104565024376 and R2: 0.9529479742050171.
2024-04-12 23:42:54 | INFO |    Trial 31 finished with value: 0.017018647864460945 and parameters: {'n_lstm_units': 4, 'n_dense_units': 8, 'n_embedding_dim': 9, 'n_batch_size': 4, 'learning_rate': 0.0028604390429824616}. Best is trial 28 with value: 0.008840104565024376 and R2: 0.9529479742050171.
2024-04-12 23:43:07 | INFO |    Trial 32 finished with value: 0.015161856077611446 and parameters: {'n_lstm_units': 5, 'n_dense_units': 8, 'n_embedding_dim': 8, 'n_batch_size': 7, 'learning_rate': 0.0001515582353959763}. Best is trial 28 with value: 0.008840104565024376 and R2: 0.9529479742050171.
2024-04-12 23:45:46 | INFO |    Trial 33 finished with value: 0.012166091240942478 and parameters: {'n_lstm_units': 9, 'n_dense_units': 5, 'n_embedding_dim': 4, 'n_batch_size': 3, 'learning_rate': 0.0015197980620034217}. Best is trial 28 with value: 0.008840104565024376 and R2: 0.9529479742050171.
2024-04-12 23:47:07 | INFO |    Trial 34 finished with value: 0.007554063573479652 and parameters: {'n_lstm_units': 8, 'n_dense_units': 3, 'n_embedding_dim': 7, 'n_batch_size': 4, 'learning_rate': 0.0019513967655934471}. Best is trial 34 with value: 0.007554063573479652 and R2: 0.959792971611023.
2024-04-12 23:47:15 | INFO |    Trial 35 finished with value: 0.153172105550766 and parameters: {'n_lstm_units': 4, 'n_dense_units': 8, 'n_embedding_dim': 6, 'n_batch_size': 10, 'learning_rate': 0.00018838307787619773}. Best is trial 34 with value: 0.007554063573479652 and R2: 0.959792971611023.
2024-04-12 23:47:27 | INFO |    Trial 36 finished with value: 0.0888264924287796 and parameters: {'n_lstm_units': 5, 'n_dense_units': 3, 'n_embedding_dim': 10, 'n_batch_size': 10, 'learning_rate': 0.0003280071082578536}. Best is trial 34 with value: 0.007554063573479652 and R2: 0.959792971611023.
2024-04-12 23:47:45 | INFO |    Trial 37 finished with value: 0.013949678279459476 and parameters: {'n_lstm_units': 8, 'n_dense_units': 9, 'n_embedding_dim': 7, 'n_batch_size': 7, 'learning_rate': 0.00030458224385894087}. Best is trial 34 with value: 0.007554063573479652 and R2: 0.959792971611023.
2024-04-12 23:47:59 | INFO |    Trial 38 finished with value: 0.020604785531759262 and parameters: {'n_lstm_units': 3, 'n_dense_units': 10, 'n_embedding_dim': 10, 'n_batch_size': 8, 'learning_rate': 0.0004764963542138519}. Best is trial 34 with value: 0.007554063573479652 and R2: 0.959792971611023.
2024-04-12 23:48:11 | INFO |    Trial 39 finished with value: 0.01967008225619793 and parameters: {'n_lstm_units': 5, 'n_dense_units': 8, 'n_embedding_dim': 10, 'n_batch_size': 10, 'learning_rate': 0.003628700225554068}. Best is trial 34 with value: 0.007554063573479652 and R2: 0.959792971611023.
2024-04-12 23:48:23 | INFO |    Trial 40 finished with value: 0.023162875324487686 and parameters: {'n_lstm_units': 8, 'n_dense_units': 3, 'n_embedding_dim': 4, 'n_batch_size': 10, 'learning_rate': 0.0016325185294676916}. Best is trial 34 with value: 0.007554063573479652 and R2: 0.959792971611023.
2024-04-12 23:50:25 | INFO |    Trial 41 finished with value: 0.014744974672794342 and parameters: {'n_lstm_units': 3, 'n_dense_units': 3, 'n_embedding_dim': 8, 'n_batch_size': 3, 'learning_rate': 0.00020970853331431146}. Best is trial 34 with value: 0.007554063573479652 and R2: 0.959792971611023.
2024-04-12 23:51:27 | INFO |    Trial 42 finished with value: 0.009815490804612637 and parameters: {'n_lstm_units': 7, 'n_dense_units': 8, 'n_embedding_dim': 8, 'n_batch_size': 4, 'learning_rate': 0.0026567974312886175}. Best is trial 34 with value: 0.007554063573479652 and R2: 0.959792971611023.
2024-04-12 23:51:37 | INFO |    Trial 43 finished with value: 0.013874940574169159 and parameters: {'n_lstm_units': 4, 'n_dense_units': 5, 'n_embedding_dim': 8, 'n_batch_size': 8, 'learning_rate': 0.004993980255757072}. Best is trial 34 with value: 0.007554063573479652 and R2: 0.959792971611023.
2024-04-12 23:52:21 | INFO |    Trial 44 finished with value: 0.01926550269126892 and parameters: {'n_lstm_units': 8, 'n_dense_units': 7, 'n_embedding_dim': 3, 'n_batch_size': 5, 'learning_rate': 0.0003391600849438615}. Best is trial 34 with value: 0.007554063573479652 and R2: 0.959792971611023.
2024-04-12 23:52:30 | INFO |    Trial 45 finished with value: 0.02580268494784832 and parameters: {'n_lstm_units': 4, 'n_dense_units': 10, 'n_embedding_dim': 6, 'n_batch_size': 10, 'learning_rate': 0.0018292676411745708}. Best is trial 34 with value: 0.007554063573479652 and R2: 0.959792971611023.
2024-04-12 23:53:01 | INFO |    Trial 46 finished with value: 0.010302335023880005 and parameters: {'n_lstm_units': 9, 'n_dense_units': 7, 'n_embedding_dim': 7, 'n_batch_size': 6, 'learning_rate': 0.0002457457272781316}. Best is trial 34 with value: 0.007554063573479652 and R2: 0.959792971611023.
2024-04-12 23:53:14 | INFO |    Trial 47 finished with value: 0.050755321979522705 and parameters: {'n_lstm_units': 8, 'n_dense_units': 5, 'n_embedding_dim': 3, 'n_batch_size': 8, 'learning_rate': 0.00022605876925380287}. Best is trial 34 with value: 0.007554063573479652 and R2: 0.959792971611023.
2024-04-12 23:55:41 | INFO |    Trial 48 finished with value: 0.00928802415728569 and parameters: {'n_lstm_units': 10, 'n_dense_units': 10, 'n_embedding_dim': 10, 'n_batch_size': 5, 'learning_rate': 0.00010737748632897979}. Best is trial 34 with value: 0.007554063573479652 and R2: 0.959792971611023.
2024-04-12 23:56:32 | INFO |    Trial 49 finished with value: 0.1285366714000702 and parameters: {'n_lstm_units': 10, 'n_dense_units': 6, 'n_embedding_dim': 10, 'n_batch_size': 10, 'learning_rate': 0.005081815703555782}. Best is trial 34 with value: 0.007554063573479652 and R2: 0.959792971611023.
2024-04-12 23:56:32 | INFO |    Best Trial: 34 with MSE value: 0.007554063573479652
2024-04-12 23:56:32 | INFO |    Best Params
2024-04-12 23:56:32 | INFO |    LSTM units       |256
2024-04-12 23:56:32 | INFO |    Dense units      |8
2024-04-12 23:56:32 | INFO |    Embedding units  |128
2024-04-12 23:56:32 | INFO |    Batch size       |16
2024-04-12 23:56:32 | INFO |    learning rate    |0.0019513967655934471
2024-04-12 23:56:32 | INFO |    
2024-04-12 23:56:32 | INFO |    ***Training of the best model.***
2024-04-12 23:58:48 | INFO |    Training Finished!!!
2024-04-12 23:58:48 | INFO |    Best val_loss @ Epoch #30
2024-04-12 23:58:48 | INFO |    ***Predictions from the best model.***
2024-04-12 23:58:50 | INFO |    For the training set:
2024-04-12 23:58:50 | INFO |    MAE: 0.1731 RMSE: 0.2187 R^2: 0.9966
2024-04-12 23:58:50 | INFO |    For the validation set:
2024-04-12 23:58:50 | INFO |    MAE: 0.4942 RMSE: 0.7994 R^2: 0.9712
2024-04-12 23:58:50 | INFO |    For the test set:
2024-04-12 23:58:50 | INFO |    MAE: 0.5342 RMSE: 0.7842 R^2: 0.9419
